#
# A fatal error has been detected by the Java Runtime Environment:
#
#  EXCEPTION_ACCESS_VIOLATION (0xc0000005) at pc=0x000007fed87c53d0, pid=6360, tid=5380
#
# JRE version: Java(TM) SE Runtime Environment (16.0+36) (build 16+36-2231)
# Java VM: Java HotSpot(TM) 64-Bit Server VM (16+36-2231, mixed mode, sharing, tiered, compressed oops, g1 gc, windows-amd64)
# Problematic frame:
# C  [igdumdim64.dll+0xb53d0]
#
# No core dump will be written. Minidumps are not enabled by default on client versions of Windows
#
# If you would like to submit a bug report, please visit:
#   https://bugreport.java.com/bugreport/crash.jsp
# The crash happened outside the Java Virtual Machine in native code.
# See problematic frame for where to report the bug.
#

---------------  S U M M A R Y ------------

Command Line: -Dfile.encoding=UTF-8 --module-path=C:\Program Files\Java\javafx-sdk-16\lib --add-modules=javafx.controls,javafx.fxml --module-path=C:\Program Files\Java\javafx-sdk-16\lib\javafx-swt.jar;C:\Program Files\Java\javafx-sdk-16\lib\javafx.base.jar;C:\Program Files\Java\javafx-sdk-16\lib\javafx.controls.jar;C:\Program Files\Java\javafx-sdk-16\lib\javafx.fxml.jar;C:\Program Files\Java\javafx-sdk-16\lib\javafx.graphics.jar;C:\Program Files\Java\javafx-sdk-16\lib\javafx.media.jar;C:\Program Files\Java\javafx-sdk-16\lib\javafx.swing.jar;C:\Program Files\Java\javafx-sdk-16\lib\javafx.web.jar test.FXMain

Host: Intel(R) Core(TM) i7-4510U CPU @ 2.00GHz, 4 cores, 7G,  Windows 7 , 64 bit Build 7601 (6.1.7601.17514)
Time: Mon Jul  5 10:04:40 2021 Paris, Madrid elapsed time: 9.155457 seconds (0d 0h 0m 9s)

---------------  T H R E A D  ---------------

Current thread (0x0000000022aabc50):  JavaThread "QuantumRenderer-0" daemon [_thread_in_native, id=5380, stack(0x0000000022640000,0x0000000022740000)]

Stack: [0x0000000022640000,0x0000000022740000],  sp=0x000000002273d1b0,  free space=1012k
Native frames: (J=compiled Java code, j=interpreted, Vv=VM code, C=native code)
C  [igdumdim64.dll+0xb53d0]

Java frames: (J=compiled Java code, j=interpreted, Vv=VM code)
j  com.sun.prism.d3d.D3DResourceFactory.nUpdateTextureB(JJLjava/nio/ByteBuffer;[BIIIIIIII)I+0 javafx.graphics
j  com.sun.prism.d3d.D3DTexture.update(Ljava/nio/Buffer;Lcom/sun/prism/PixelFormat;IIIIIII)V+205 javafx.graphics
j  com.sun.prism.d3d.D3DTexture.update(Ljava/nio/Buffer;Lcom/sun/prism/PixelFormat;IIIIIIIZ)V+89 javafx.graphics
j  com.sun.prism.impl.BaseTexture.update(Lcom/sun/prism/Image;IIIIZ)V+40 javafx.graphics
j  com.sun.prism.impl.BaseResourceFactory.createTexture(Lcom/sun/prism/Image;Lcom/sun/prism/Texture$Usage;Lcom/sun/prism/Texture$WrapMode;Z)Lcom/sun/prism/Texture;+49 javafx.graphics
j  com.sun.prism.impl.BaseResourceFactory.getCachedTexture(Lcom/sun/prism/Image;Lcom/sun/prism/Texture$WrapMode;Z)Lcom/sun/prism/Texture;+325 javafx.graphics
j  com.sun.prism.impl.BaseResourceFactory.getCachedTexture(Lcom/sun/prism/Image;Lcom/sun/prism/Texture$WrapMode;)Lcom/sun/prism/Texture;+4 javafx.graphics
j  com.sun.javafx.sg.prism.NGImageView.renderContent(Lcom/sun/prism/Graphics;)V+53 javafx.graphics
j  com.sun.javafx.sg.prism.NGNode.doRender(Lcom/sun/prism/Graphics;)V+330 javafx.graphics
j  com.sun.javafx.sg.prism.NGImageView.doRender(Lcom/sun/prism/Graphics;)V+20 javafx.graphics
J 2024 c1 com.sun.javafx.sg.prism.NGNode.render(Lcom/sun/prism/Graphics;)V javafx.graphics (39 bytes) @ 0x000000000a8f3274 [0x000000000a8f2fe0+0x0000000000000294]
j  com.sun.javafx.sg.prism.NGGroup.renderContent(Lcom/sun/prism/Graphics;)V+151 javafx.graphics
j  com.sun.javafx.sg.prism.NGRegion.renderContent(Lcom/sun/prism/Graphics;)V+111 javafx.graphics
j  com.sun.javafx.sg.prism.NGNode.doRender(Lcom/sun/prism/Graphics;)V+330 javafx.graphics
J 2024 c1 com.sun.javafx.sg.prism.NGNode.render(Lcom/sun/prism/Graphics;)V javafx.graphics (39 bytes) @ 0x000000000a8f3274 [0x000000000a8f2fe0+0x0000000000000294]
j  com.sun.javafx.sg.prism.NGGroup.renderContent(Lcom/sun/prism/Graphics;)V+151 javafx.graphics
j  com.sun.javafx.sg.prism.NGRegion.renderContent(Lcom/sun/prism/Graphics;)V+111 javafx.graphics
j  com.sun.javafx.sg.prism.NGNode.doRender(Lcom/sun/prism/Graphics;)V+330 javafx.graphics
J 2024 c1 com.sun.javafx.sg.prism.NGNode.render(Lcom/sun/prism/Graphics;)V javafx.graphics (39 bytes) @ 0x000000000a8f3274 [0x000000000a8f2fe0+0x0000000000000294]
j  com.sun.javafx.sg.prism.NGGroup.renderContent(Lcom/sun/prism/Graphics;)V+151 javafx.graphics
j  com.sun.javafx.sg.prism.NGRegion.renderContent(Lcom/sun/prism/Graphics;)V+111 javafx.graphics
j  com.sun.javafx.sg.prism.NGNode.doRender(Lcom/sun/prism/Graphics;)V+330 javafx.graphics
J 2024 c1 com.sun.javafx.sg.prism.NGNode.render(Lcom/sun/prism/Graphics;)V javafx.graphics (39 bytes) @ 0x000000000a8f3274 [0x000000000a8f2fe0+0x0000000000000294]
j  com.sun.javafx.tk.quantum.ViewPainter.doPaint(Lcom/sun/prism/Graphics;Lcom/sun/javafx/sg/prism/NodePath;)V+202 javafx.graphics
j  com.sun.javafx.tk.quantum.ViewPainter.paintImpl(Lcom/sun/prism/Graphics;)V+962 javafx.graphics
j  com.sun.javafx.tk.quantum.PresentingPainter.run()V+326 javafx.graphics
j  java.util.concurrent.Executors$RunnableAdapter.call()Ljava/lang/Object;+4 java.base@16
j  java.util.concurrent.FutureTask.runAndReset()Z+44 java.base@16
j  com.sun.javafx.tk.RenderJob.run()V+1 javafx.graphics
j  java.util.concurrent.ThreadPoolExecutor.runWorker(Ljava/util/concurrent/ThreadPoolExecutor$Worker;)V+92 java.base@16
j  java.util.concurrent.ThreadPoolExecutor$Worker.run()V+5 java.base@16
j  com.sun.javafx.tk.quantum.QuantumRenderer$PipelineRunnable.run()V+8 javafx.graphics
j  java.lang.Thread.run()V+11 java.base@16
v  ~StubRoutines::call_stub

siginfo: EXCEPTION_ACCESS_VIOLATION (0xc0000005), reading address 0x0000000000000014


Register to memory mapping:

RIP=0x000007fed87c53d0 igdumdim64.dll
RAX=0x000000000036af18 points into unknown readable memory: 0x000000000036af00 | 00 af 36 00 00 00 00 00
RBX=0x000000002273d360 is pointing into the stack for thread: 0x0000000022aabc50
RCX=0x000000000036af00 points into unknown readable memory: 0x0000000000000000 | 00 00 00 00 00 00 00 00
RDX=0x000000002273d2d0 is pointing into the stack for thread: 0x0000000022aabc50
RSP=0x000000002273d1b0 is pointing into the stack for thread: 0x0000000022aabc50
RBP=0x000000002273d2a0 is pointing into the stack for thread: 0x0000000022aabc50
RSI=0x0 is NULL
RDI=0x0000000000010080 points into unknown readable memory: 0x0000000000000000 | 00 00 00 00 00 00 00 00
R8 =0x000000002273d500 is pointing into the stack for thread: 0x0000000022aabc50
R9 =0x000007fef1cb7a90 aticfx64.dll
R10=0x000007fef1cb7a60 aticfx64.dll
R11=0x000000002273d2a8 is pointing into the stack for thread: 0x0000000022aabc50
R12=0x000000002273d2d0 is pointing into the stack for thread: 0x0000000022aabc50
R13=0x0 is NULL
R14=0x0000000022e5ffc0 points into unknown readable memory: 0x0000000023522c50 | 50 2c 52 23 00 00 00 00
R15=0x000000000036af00 points into unknown readable memory: 0x0000000000000000 | 00 00 00 00 00 00 00 00


Registers:
RAX=0x000000000036af18, RBX=0x000000002273d360, RCX=0x000000000036af00, RDX=0x000000002273d2d0
RSP=0x000000002273d1b0, RBP=0x000000002273d2a0, RSI=0x0000000000000000, RDI=0x0000000000010080
R8 =0x000000002273d500, R9 =0x000007fef1cb7a90, R10=0x000007fef1cb7a60, R11=0x000000002273d2a8
R12=0x000000002273d2d0, R13=0x0000000000000000, R14=0x0000000022e5ffc0, R15=0x000000000036af00
RIP=0x000007fed87c53d0, EFLAGS=0x0000000000010202

Top of Stack: (sp=0x000000002273d1b0)
0x000000002273d1b0:   00000025004d0009 000000002330e5d0
0x000000002273d1c0:   0000000000000000 0000000000000000
0x000000002273d1d0:   0000000022e598d0 000007fed873d4a9
0x000000002273d1e0:   0000002000000020 0000000000000000
0x000000002273d1f0:   0000000000000000 0000000000000000
0x000000002273d200:   0000000000000000 0000000000000000
0x000000002273d210:   0000000000000001 0000000000000000
0x000000002273d220:   0000000000000000 0000000000000001
0x000000002273d230:   0000000000000001 000007fed8aa7b38
0x000000002273d240:   0000000000000007 000000000036af18
0x000000002273d250:   fffffffffffffffe 0000000000000000
0x000000002273d260:   0000000000000000 000000002273d4d0
0x000000002273d270:   000000002351fb50 0000000021c8c570
0x000000002273d280:   000007fef1d5b1e8 0000000022c04950
0x000000002273d290:   0000000000000000 000000002273d360
0x000000002273d2a0:   000000002273d3b0 000007fee30cb4ee 

Instructions: (pc=0x000007fed87c53d0)
0x000007fed87c52d0:   8b 44 24 68 89 44 24 20 4d 8b ce 44 8b 44 24 64
0x000007fed87c52e0:   49 8b d5 49 8b cf e8 95 55 01 00 eb 6b 41 8b 44
0x000007fed87c52f0:   24 2c 89 45 20 41 8b 44 24 30 89 45 24 48 8d 45
0x000007fed87c5300:   20 48 89 44 24 30 49 8d 44 24 0c 48 89 44 24 28
0x000007fed87c5310:   8b 44 24 68 89 44 24 20 4d 8b ce 44 8b 44 24 64
0x000007fed87c5320:   49 8b d5 49 8b cf e8 25 7b 03 00 8b f8 85 c0 78
0x000007fed87c5330:   29 48 8b 55 28 48 85 d2 74 0a 49 8b cf e8 2e 98
0x000007fed87c5340:   02 00 8b f8 85 ff 78 12 48 85 db 74 0d 48 8b d3
0x000007fed87c5350:   49 8b cf e8 18 98 02 00 8b f8 48 8b 45 a8 48 8b
0x000007fed87c5360:   08 e8 1a da f4 ff 8b c7 48 81 c4 b8 00 00 00 41
0x000007fed87c5370:   5f 41 5e 41 5d 41 5c 5f 5e 5b 5d c3 cc cc cc cc
0x000007fed87c5380:   4c 8b dc 55 48 8b ec 53 56 57 41 54 41 55 41 56
0x000007fed87c5390:   41 57 48 81 ec b8 00 00 00 49 c7 43 a8 fe ff ff
0x000007fed87c53a0:   ff 4c 8b e2 4c 8b f9 48 8d 05 8a 27 2e 00 49 89
0x000007fed87c53b0:   43 90 41 c7 43 98 07 00 00 00 48 8d 41 18 49 89
0x000007fed87c53c0:   43 a0 4c 8b 2a 4c 8b 72 20 8b 72 40 41 8b 7e 14
0x000007fed87c53d0:   41 8b 5d 14 48 8b 89 70 2a 00 00 e8 50 6b 08 00
0x000007fed87c53e0:   84 c0 74 2e 0f ba e3 1e 73 28 0f ba e7 1e 72 22
0x000007fed87c53f0:   ba 02 00 00 00 49 8b 8f 70 2a 00 00 e8 8f 6b 08
0x000007fed87c5400:   00 90 49 8b 4f 18 e8 75 d9 f4 ff 33 c0 e9 c6 05
0x000007fed87c5410:   00 00 33 c0 8b f8 8b de c1 eb 02 83 e3 01 74 0d
0x000007fed87c5420:   40 f6 c6 08 74 07 bf 57 00 07 80 eb 29 85 db 75
0x000007fed87c5430:   06 40 f6 c6 08 74 1f 41 8b 4d 10 e8 e0 bd f9 ff
0x000007fed87c5440:   84 c0 74 0d 41 8b 4e 10 e8 d3 bd f9 ff 84 c0 75
0x000007fed87c5450:   05 bf 01 40 00 80 41 83 7d 08 04 75 17 41 83 7e
0x000007fed87c5460:   08 01 75 10 49 8b d4 49 8b cf e8 51 1f 02 00 e9
0x000007fed87c5470:   54 05 00 00 85 ff 0f 85 4e 05 00 00 49 8b 45 68
0x000007fed87c5480:   48 85 c0 74 11 f6 40 28 04 74 0b 49 8b d5 49 8b
0x000007fed87c5490:   cf e8 9a 86 f6 ff 41 80 bd dd 00 00 00 00 74 1d
0x000007fed87c54a0:   48 c7 44 24 20 00 00 00 00 41 b9 01 00 00 00 45
0x000007fed87c54b0:   33 c0 49 8b d5 49 8b cf e8 f3 c1 fd ff 41 f6 86
0x000007fed87c54c0:   c8 00 00 00 01 74 08 41 c6 86 dc 00 00 00 01 45 


Stack slot to memory mapping:
stack at sp + 0 slots: 0x00000025004d0009 is an unknown value
stack at sp + 1 slots: 0x000000002330e5d0 points into unknown readable memory: 0x0000000000000000 | 00 00 00 00 00 00 00 00
stack at sp + 2 slots: 0x0 is NULL
stack at sp + 3 slots: 0x0 is NULL
stack at sp + 4 slots: 0x0000000022e598d0 points into unknown readable memory: 0x0000000000000000 | 00 00 00 00 00 00 00 00
stack at sp + 5 slots: 0x000007fed873d4a9 igdumdim64.dll
stack at sp + 6 slots: 0x0000002000000020 is an unknown value
stack at sp + 7 slots: 0x0 is NULL


---------------  P R O C E S S  ---------------

Threads class SMR info:
_java_thread_list=0x0000000028929010, length=20, elements={
0x0000000000414580, 0x0000000020a41840, 0x0000000020a43f60, 0x0000000020a500e0,
0x0000000020a50600, 0x0000000020a50b20, 0x0000000020a54540, 0x0000000020a55240,
0x0000000020f10fd0, 0x0000000020f11530, 0x0000000020f7bcd0, 0x0000000022a7c820,
0x0000000022aabc50, 0x0000000022bd0da0, 0x0000000022bcfac0, 0x00000000256d22c0,
0x0000000025739780, 0x0000000025a8c6d0, 0x0000000025a8cc20, 0x0000000020f0bb30
}

Java Threads: ( => current thread )
  0x0000000000414580 JavaThread "main" [_thread_blocked, id=6396, stack(0x0000000002360000,0x0000000002460000)]
  0x0000000020a41840 JavaThread "Reference Handler" daemon [_thread_blocked, id=1848, stack(0x0000000021960000,0x0000000021a60000)]
  0x0000000020a43f60 JavaThread "Finalizer" daemon [_thread_blocked, id=3196, stack(0x0000000021a80000,0x0000000021b80000)]
  0x0000000020a500e0 JavaThread "Signal Dispatcher" daemon [_thread_blocked, id=3432, stack(0x0000000021c90000,0x0000000021d90000)]
  0x0000000020a50600 JavaThread "Attach Listener" daemon [_thread_blocked, id=6276, stack(0x0000000021e50000,0x0000000021f50000)]
  0x0000000020a50b20 JavaThread "Service Thread" daemon [_thread_blocked, id=6300, stack(0x0000000021f60000,0x0000000022060000)]
  0x0000000020a54540 JavaThread "Monitor Deflation Thread" daemon [_thread_blocked, id=4912, stack(0x0000000022080000,0x0000000022180000)]
  0x0000000020a55240 JavaThread "C2 CompilerThread0" daemon [_thread_in_native, id=6268, stack(0x0000000022290000,0x0000000022390000)]
  0x0000000020f10fd0 JavaThread "C1 CompilerThread0" daemon [_thread_blocked, id=3204, stack(0x0000000022190000,0x0000000022290000)]
  0x0000000020f11530 JavaThread "Sweeper thread" daemon [_thread_blocked, id=6488, stack(0x00000000223b0000,0x00000000224b0000)]
  0x0000000020f7bcd0 JavaThread "Common-Cleaner" daemon [_thread_blocked, id=4076, stack(0x0000000022540000,0x0000000022640000)]
  0x0000000022a7c820 JavaThread "Notification Thread" daemon [_thread_blocked, id=7076, stack(0x0000000022f20000,0x0000000023020000)]
=>0x0000000022aabc50 JavaThread "QuantumRenderer-0" daemon [_thread_in_native, id=5380, stack(0x0000000022640000,0x0000000022740000)]
  0x0000000022bd0da0 JavaThread "InvokeLaterDispatcher" daemon [_thread_blocked, id=7068, stack(0x0000000023c40000,0x0000000023d40000)]
  0x0000000022bcfac0 JavaThread "JavaFX Application Thread" [_thread_blocked, id=5016, stack(0x0000000023d90000,0x0000000023e90000)]
  0x00000000256d22c0 JavaThread "JavaFX-Launcher" [_thread_blocked, id=6720, stack(0x0000000025ea0000,0x0000000025fa0000)]
  0x0000000025739780 JavaThread "Thread-2" daemon [_thread_in_native, id=4384, stack(0x00000000253d0000,0x00000000254d0000)]
  0x0000000025a8c6d0 JavaThread "Prism Font Disposer" daemon [_thread_blocked, id=6436, stack(0x0000000027840000,0x0000000027940000)]
  0x0000000025a8cc20 JavaThread "Cleaner-0" daemon [_thread_blocked, id=6148, stack(0x0000000027a50000,0x0000000027b50000)]
  0x0000000020f0bb30 JavaThread "C2 CompilerThread1" daemon [_thread_blocked, id=2176, stack(0x0000000022cb0000,0x0000000022db0000)]

Other Threads:
  0x0000000020a3e650 VMThread "VM Thread" [stack: 0x0000000021850000,0x0000000021950000] [id=4940]
  0x0000000000415290 WatcherThread [stack: 0x0000000023030000,0x0000000023130000] [id=3640]
  0x0000000000459730 GCTaskThread "GC Thread#0" [stack: 0x000000001e280000,0x000000001e380000] [id=5908]
  0x0000000022b95270 GCTaskThread "GC Thread#1" [stack: 0x0000000023750000,0x0000000023850000] [id=6512]
  0x0000000022b95580 GCTaskThread "GC Thread#2" [stack: 0x0000000023940000,0x0000000023a40000] [id=2564]
  0x0000000022bbb750 GCTaskThread "GC Thread#3" [stack: 0x0000000023a60000,0x0000000023b60000] [id=6220]
  0x000000000046a960 ConcurrentGCThread "G1 Main Marker" [stack: 0x000000001e0b0000,0x000000001e1b0000] [id=7148]
  0x000000000046db00 ConcurrentGCThread "G1 Conc#0" [stack: 0x000000001e430000,0x000000001e530000] [id=4828]
  0x000000000049fa60 ConcurrentGCThread "G1 Refine#0" [stack: 0x0000000020b10000,0x0000000020c10000] [id=5300]
  0x00000000209c5080 ConcurrentGCThread "G1 Service" [stack: 0x0000000020cf0000,0x0000000020df0000] [id=3904]

Threads with active compile tasks:
C2 CompilerThread0     9229 2397       4       jdk.internal.org.objectweb.asm.Frame::execute (2305 bytes)

VM state: not at safepoint (normal execution)

VM Mutex/Monitor currently owned by a thread: None

Heap address: 0x0000000081200000, size: 2030 MB, Compressed Oops mode: 32-bit
CDS archive(s) mapped at: [0x0000000800000000-0x0000000800bb0000-0x0000000800bb0000), size 12255232, SharedBaseAddress: 0x0000000800000000, ArchiveRelocationMode: 0.
Compressed class space mapped at: 0x0000000800c00000-0x0000000840c00000, reserved size: 1073741824
Narrow klass base: 0x0000000800000000, Narrow klass shift: 3, Narrow klass range: 0x100000000

GC Precious Log:
 CPUs: 4 total, 4 available
 Memory: 8117M
 Large Page Support: Disabled
 NUMA Support: Disabled
 Compressed Oops: Enabled (32-bit)
 Heap Region Size: 1M
 Heap Min Capacity: 8M
 Heap Initial Capacity: 128M
 Heap Max Capacity: 2030M
 Pre-touch: Disabled
 Parallel Workers: 4
 Concurrent Workers: 1
 Concurrent Refinement Workers: 4
 Periodic GC: Disabled

Heap:
 garbage-first heap   total 131072K, used 57094K [0x0000000081200000, 0x0000000100000000)
  region size 1024K, 40 young (40960K), 3 survivors (3072K)
 Metaspace       used 17795K, committed 18112K, reserved 1064960K
  class space    used 2372K, committed 2560K, reserved 1048576K

Heap Regions: E=young(eden), S=young(survivor), O=old, HS=humongous(starts), HC=humongous(continues), CS=collection set, F=free, OA=open archive, CA=closed archive, TAMS=top-at-mark-start (previous, next)
|   0|0x0000000081200000, 0x0000000081300000, 0x0000000081300000|100%| O|  |TAMS 0x0000000081200000, 0x0000000081200000| Untracked 
|   1|0x0000000081300000, 0x0000000081400000, 0x0000000081400000|100%| O|  |TAMS 0x0000000081300000, 0x0000000081300000| Untracked 
|   2|0x0000000081400000, 0x0000000081500000, 0x0000000081500000|100%| O|  |TAMS 0x0000000081400000, 0x0000000081400000| Untracked 
|   3|0x0000000081500000, 0x000000008156ba00, 0x0000000081600000| 42%| O|  |TAMS 0x0000000081500000, 0x0000000081500000| Untracked 
|   4|0x0000000081600000, 0x0000000081700000, 0x0000000081700000|100%|HS|  |TAMS 0x0000000081600000, 0x0000000081600000| Complete 
|   5|0x0000000081700000, 0x0000000081800000, 0x0000000081800000|100%|HC|  |TAMS 0x0000000081700000, 0x0000000081700000| Complete 
|   6|0x0000000081800000, 0x0000000081900000, 0x0000000081900000|100%|HC|  |TAMS 0x0000000081800000, 0x0000000081800000| Complete 
|   7|0x0000000081900000, 0x0000000081a00000, 0x0000000081a00000|100%|HS|  |TAMS 0x0000000081900000, 0x0000000081900000| Complete 
|   8|0x0000000081a00000, 0x0000000081b00000, 0x0000000081b00000|100%|HC|  |TAMS 0x0000000081a00000, 0x0000000081a00000| Complete 
|   9|0x0000000081b00000, 0x0000000081c00000, 0x0000000081c00000|100%|HC|  |TAMS 0x0000000081b00000, 0x0000000081b00000| Complete 
|  10|0x0000000081c00000, 0x0000000081d00000, 0x0000000081d00000|100%|HC|  |TAMS 0x0000000081c00000, 0x0000000081c00000| Complete 
|  11|0x0000000081d00000, 0x0000000081e00000, 0x0000000081e00000|100%|HC|  |TAMS 0x0000000081d00000, 0x0000000081d00000| Complete 
|  12|0x0000000081e00000, 0x0000000081f00000, 0x0000000081f00000|100%|HC|  |TAMS 0x0000000081e00000, 0x0000000081e00000| Complete 
|  13|0x0000000081f00000, 0x0000000082000000, 0x0000000082000000|100%|HC|  |TAMS 0x0000000081f00000, 0x0000000081f00000| Complete 
|  14|0x0000000082000000, 0x0000000082100000, 0x0000000082100000|100%|HC|  |TAMS 0x0000000082000000, 0x0000000082000000| Complete 
|  15|0x0000000082100000, 0x0000000082200000, 0x0000000082200000|100%|HC|  |TAMS 0x0000000082100000, 0x0000000082100000| Complete 
|  16|0x0000000082200000, 0x0000000082300000, 0x0000000082300000|100%|HS|  |TAMS 0x0000000082200000, 0x0000000082200000| Complete 
|  17|0x0000000082300000, 0x0000000082400000, 0x0000000082400000|100%|HC|  |TAMS 0x0000000082300000, 0x0000000082300000| Complete 
|  18|0x0000000082400000, 0x0000000082400000, 0x0000000082500000|  0%| F|  |TAMS 0x0000000082400000, 0x0000000082400000| Untracked 
|  19|0x0000000082500000, 0x0000000082500000, 0x0000000082600000|  0%| F|  |TAMS 0x0000000082500000, 0x0000000082500000| Untracked 
|  20|0x0000000082600000, 0x0000000082600000, 0x0000000082700000|  0%| F|  |TAMS 0x0000000082600000, 0x0000000082600000| Untracked 
|  21|0x0000000082700000, 0x0000000082700000, 0x0000000082800000|  0%| F|  |TAMS 0x0000000082700000, 0x0000000082700000| Untracked 
|  22|0x0000000082800000, 0x0000000082800000, 0x0000000082900000|  0%| F|  |TAMS 0x0000000082800000, 0x0000000082800000| Untracked 
|  23|0x0000000082900000, 0x0000000082900000, 0x0000000082a00000|  0%| F|  |TAMS 0x0000000082900000, 0x0000000082900000| Untracked 
|  24|0x0000000082a00000, 0x0000000082a00000, 0x0000000082b00000|  0%| F|  |TAMS 0x0000000082a00000, 0x0000000082a00000| Untracked 
|  25|0x0000000082b00000, 0x0000000082b00000, 0x0000000082c00000|  0%| F|  |TAMS 0x0000000082b00000, 0x0000000082b00000| Untracked 
|  26|0x0000000082c00000, 0x0000000082c00000, 0x0000000082d00000|  0%| F|  |TAMS 0x0000000082c00000, 0x0000000082c00000| Untracked 
|  27|0x0000000082d00000, 0x0000000082d00000, 0x0000000082e00000|  0%| F|  |TAMS 0x0000000082d00000, 0x0000000082d00000| Untracked 
|  28|0x0000000082e00000, 0x0000000082e00000, 0x0000000082f00000|  0%| F|  |TAMS 0x0000000082e00000, 0x0000000082e00000| Untracked 
|  29|0x0000000082f00000, 0x0000000082f00000, 0x0000000083000000|  0%| F|  |TAMS 0x0000000082f00000, 0x0000000082f00000| Untracked 
|  30|0x0000000083000000, 0x0000000083000000, 0x0000000083100000|  0%| F|  |TAMS 0x0000000083000000, 0x0000000083000000| Untracked 
|  31|0x0000000083100000, 0x0000000083100000, 0x0000000083200000|  0%| F|  |TAMS 0x0000000083100000, 0x0000000083100000| Untracked 
|  32|0x0000000083200000, 0x0000000083200000, 0x0000000083300000|  0%| F|  |TAMS 0x0000000083200000, 0x0000000083200000| Untracked 
|  33|0x0000000083300000, 0x0000000083300000, 0x0000000083400000|  0%| F|  |TAMS 0x0000000083300000, 0x0000000083300000| Untracked 
|  34|0x0000000083400000, 0x0000000083400000, 0x0000000083500000|  0%| F|  |TAMS 0x0000000083400000, 0x0000000083400000| Untracked 
|  35|0x0000000083500000, 0x0000000083500000, 0x0000000083600000|  0%| F|  |TAMS 0x0000000083500000, 0x0000000083500000| Untracked 
|  36|0x0000000083600000, 0x0000000083600000, 0x0000000083700000|  0%| F|  |TAMS 0x0000000083600000, 0x0000000083600000| Untracked 
|  37|0x0000000083700000, 0x0000000083700000, 0x0000000083800000|  0%| F|  |TAMS 0x0000000083700000, 0x0000000083700000| Untracked 
|  38|0x0000000083800000, 0x0000000083800000, 0x0000000083900000|  0%| F|  |TAMS 0x0000000083800000, 0x0000000083800000| Untracked 
|  39|0x0000000083900000, 0x0000000083900000, 0x0000000083a00000|  0%| F|  |TAMS 0x0000000083900000, 0x0000000083900000| Untracked 
|  40|0x0000000083a00000, 0x0000000083a00000, 0x0000000083b00000|  0%| F|  |TAMS 0x0000000083a00000, 0x0000000083a00000| Untracked 
|  41|0x0000000083b00000, 0x0000000083b00000, 0x0000000083c00000|  0%| F|  |TAMS 0x0000000083b00000, 0x0000000083b00000| Untracked 
|  42|0x0000000083c00000, 0x0000000083c00000, 0x0000000083d00000|  0%| F|  |TAMS 0x0000000083c00000, 0x0000000083c00000| Untracked 
|  43|0x0000000083d00000, 0x0000000083d00000, 0x0000000083e00000|  0%| F|  |TAMS 0x0000000083d00000, 0x0000000083d00000| Untracked 
|  44|0x0000000083e00000, 0x0000000083e00000, 0x0000000083f00000|  0%| F|  |TAMS 0x0000000083e00000, 0x0000000083e00000| Untracked 
|  45|0x0000000083f00000, 0x0000000083f00000, 0x0000000084000000|  0%| F|  |TAMS 0x0000000083f00000, 0x0000000083f00000| Untracked 
|  46|0x0000000084000000, 0x0000000084000000, 0x0000000084100000|  0%| F|  |TAMS 0x0000000084000000, 0x0000000084000000| Untracked 
|  47|0x0000000084100000, 0x0000000084100000, 0x0000000084200000|  0%| F|  |TAMS 0x0000000084100000, 0x0000000084100000| Untracked 
|  48|0x0000000084200000, 0x0000000084200000, 0x0000000084300000|  0%| F|  |TAMS 0x0000000084200000, 0x0000000084200000| Untracked 
|  49|0x0000000084300000, 0x0000000084300000, 0x0000000084400000|  0%| F|  |TAMS 0x0000000084300000, 0x0000000084300000| Untracked 
|  50|0x0000000084400000, 0x0000000084400000, 0x0000000084500000|  0%| F|  |TAMS 0x0000000084400000, 0x0000000084400000| Untracked 
|  51|0x0000000084500000, 0x0000000084500000, 0x0000000084600000|  0%| F|  |TAMS 0x0000000084500000, 0x0000000084500000| Untracked 
|  52|0x0000000084600000, 0x0000000084600000, 0x0000000084700000|  0%| F|  |TAMS 0x0000000084600000, 0x0000000084600000| Untracked 
|  53|0x0000000084700000, 0x0000000084700000, 0x0000000084800000|  0%| F|  |TAMS 0x0000000084700000, 0x0000000084700000| Untracked 
|  54|0x0000000084800000, 0x0000000084800000, 0x0000000084900000|  0%| F|  |TAMS 0x0000000084800000, 0x0000000084800000| Untracked 
|  55|0x0000000084900000, 0x0000000084900000, 0x0000000084a00000|  0%| F|  |TAMS 0x0000000084900000, 0x0000000084900000| Untracked 
|  56|0x0000000084a00000, 0x0000000084a00000, 0x0000000084b00000|  0%| F|  |TAMS 0x0000000084a00000, 0x0000000084a00000| Untracked 
|  57|0x0000000084b00000, 0x0000000084b00000, 0x0000000084c00000|  0%| F|  |TAMS 0x0000000084b00000, 0x0000000084b00000| Untracked 
|  58|0x0000000084c00000, 0x0000000084c00000, 0x0000000084d00000|  0%| F|  |TAMS 0x0000000084c00000, 0x0000000084c00000| Untracked 
|  59|0x0000000084d00000, 0x0000000084d00000, 0x0000000084e00000|  0%| F|  |TAMS 0x0000000084d00000, 0x0000000084d00000| Untracked 
|  60|0x0000000084e00000, 0x0000000084e00000, 0x0000000084f00000|  0%| F|  |TAMS 0x0000000084e00000, 0x0000000084e00000| Untracked 
|  61|0x0000000084f00000, 0x0000000084f00000, 0x0000000085000000|  0%| F|  |TAMS 0x0000000084f00000, 0x0000000084f00000| Untracked 
|  62|0x0000000085000000, 0x0000000085000000, 0x0000000085100000|  0%| F|  |TAMS 0x0000000085000000, 0x0000000085000000| Untracked 
|  63|0x0000000085100000, 0x0000000085100000, 0x0000000085200000|  0%| F|  |TAMS 0x0000000085100000, 0x0000000085100000| Untracked 
|  64|0x0000000085200000, 0x0000000085200000, 0x0000000085300000|  0%| F|  |TAMS 0x0000000085200000, 0x0000000085200000| Untracked 
|  65|0x0000000085300000, 0x0000000085300000, 0x0000000085400000|  0%| F|  |TAMS 0x0000000085300000, 0x0000000085300000| Untracked 
|  66|0x0000000085400000, 0x0000000085400000, 0x0000000085500000|  0%| F|  |TAMS 0x0000000085400000, 0x0000000085400000| Untracked 
|  67|0x0000000085500000, 0x0000000085500000, 0x0000000085600000|  0%| F|  |TAMS 0x0000000085500000, 0x0000000085500000| Untracked 
|  68|0x0000000085600000, 0x0000000085600000, 0x0000000085700000|  0%| F|  |TAMS 0x0000000085600000, 0x0000000085600000| Untracked 
|  69|0x0000000085700000, 0x0000000085700000, 0x0000000085800000|  0%| F|  |TAMS 0x0000000085700000, 0x0000000085700000| Untracked 
|  70|0x0000000085800000, 0x0000000085800000, 0x0000000085900000|  0%| F|  |TAMS 0x0000000085800000, 0x0000000085800000| Untracked 
|  71|0x0000000085900000, 0x0000000085900000, 0x0000000085a00000|  0%| F|  |TAMS 0x0000000085900000, 0x0000000085900000| Untracked 
|  72|0x0000000085a00000, 0x0000000085a00000, 0x0000000085b00000|  0%| F|  |TAMS 0x0000000085a00000, 0x0000000085a00000| Untracked 
|  73|0x0000000085b00000, 0x0000000085b00000, 0x0000000085c00000|  0%| F|  |TAMS 0x0000000085b00000, 0x0000000085b00000| Untracked 
|  74|0x0000000085c00000, 0x0000000085c00000, 0x0000000085d00000|  0%| F|  |TAMS 0x0000000085c00000, 0x0000000085c00000| Untracked 
|  75|0x0000000085d00000, 0x0000000085d00000, 0x0000000085e00000|  0%| F|  |TAMS 0x0000000085d00000, 0x0000000085d00000| Untracked 
|  76|0x0000000085e00000, 0x0000000085e00000, 0x0000000085f00000|  0%| F|  |TAMS 0x0000000085e00000, 0x0000000085e00000| Untracked 
|  77|0x0000000085f00000, 0x0000000085f00000, 0x0000000086000000|  0%| F|  |TAMS 0x0000000085f00000, 0x0000000085f00000| Untracked 
|  78|0x0000000086000000, 0x0000000086000000, 0x0000000086100000|  0%| F|  |TAMS 0x0000000086000000, 0x0000000086000000| Untracked 
|  79|0x0000000086100000, 0x0000000086100000, 0x0000000086200000|  0%| F|  |TAMS 0x0000000086100000, 0x0000000086100000| Untracked 
|  80|0x0000000086200000, 0x0000000086200000, 0x0000000086300000|  0%| F|  |TAMS 0x0000000086200000, 0x0000000086200000| Untracked 
|  81|0x0000000086300000, 0x0000000086300000, 0x0000000086400000|  0%| F|  |TAMS 0x0000000086300000, 0x0000000086300000| Untracked 
|  82|0x0000000086400000, 0x0000000086400000, 0x0000000086500000|  0%| F|  |TAMS 0x0000000086400000, 0x0000000086400000| Untracked 
|  83|0x0000000086500000, 0x0000000086500000, 0x0000000086600000|  0%| F|  |TAMS 0x0000000086500000, 0x0000000086500000| Untracked 
|  84|0x0000000086600000, 0x0000000086600000, 0x0000000086700000|  0%| F|  |TAMS 0x0000000086600000, 0x0000000086600000| Untracked 
|  85|0x0000000086700000, 0x0000000086700000, 0x0000000086800000|  0%| F|  |TAMS 0x0000000086700000, 0x0000000086700000| Untracked 
|  86|0x0000000086800000, 0x0000000086800000, 0x0000000086900000|  0%| F|  |TAMS 0x0000000086800000, 0x0000000086800000| Untracked 
|  87|0x0000000086900000, 0x0000000086900000, 0x0000000086a00000|  0%| F|  |TAMS 0x0000000086900000, 0x0000000086900000| Untracked 
|  88|0x0000000086a00000, 0x0000000086b00000, 0x0000000086b00000|100%| E|  |TAMS 0x0000000086a00000, 0x0000000086a00000| Complete 
|  89|0x0000000086b00000, 0x0000000086c00000, 0x0000000086c00000|100%| E|CS|TAMS 0x0000000086b00000, 0x0000000086b00000| Complete 
|  90|0x0000000086c00000, 0x0000000086d00000, 0x0000000086d00000|100%| E|CS|TAMS 0x0000000086c00000, 0x0000000086c00000| Complete 
|  91|0x0000000086d00000, 0x0000000086e00000, 0x0000000086e00000|100%| E|CS|TAMS 0x0000000086d00000, 0x0000000086d00000| Complete 
|  92|0x0000000086e00000, 0x0000000086f00000, 0x0000000086f00000|100%| E|CS|TAMS 0x0000000086e00000, 0x0000000086e00000| Complete 
|  93|0x0000000086f00000, 0x0000000087000000, 0x0000000087000000|100%| E|CS|TAMS 0x0000000086f00000, 0x0000000086f00000| Complete 
|  94|0x0000000087000000, 0x0000000087100000, 0x0000000087100000|100%| E|CS|TAMS 0x0000000087000000, 0x0000000087000000| Complete 
|  95|0x0000000087100000, 0x0000000087200000, 0x0000000087200000|100%| E|CS|TAMS 0x0000000087100000, 0x0000000087100000| Complete 
|  96|0x0000000087200000, 0x0000000087300000, 0x0000000087300000|100%| E|CS|TAMS 0x0000000087200000, 0x0000000087200000| Complete 
|  97|0x0000000087300000, 0x0000000087400000, 0x0000000087400000|100%| E|CS|TAMS 0x0000000087300000, 0x0000000087300000| Complete 
|  98|0x0000000087400000, 0x0000000087500000, 0x0000000087500000|100%| E|CS|TAMS 0x0000000087400000, 0x0000000087400000| Complete 
|  99|0x0000000087500000, 0x0000000087600000, 0x0000000087600000|100%| E|CS|TAMS 0x0000000087500000, 0x0000000087500000| Complete 
| 100|0x0000000087600000, 0x0000000087700000, 0x0000000087700000|100%| E|CS|TAMS 0x0000000087600000, 0x0000000087600000| Complete 
| 101|0x0000000087700000, 0x0000000087800000, 0x0000000087800000|100%| E|CS|TAMS 0x0000000087700000, 0x0000000087700000| Complete 
| 102|0x0000000087800000, 0x0000000087900000, 0x0000000087900000|100%| E|CS|TAMS 0x0000000087800000, 0x0000000087800000| Complete 
| 103|0x0000000087900000, 0x0000000087a00000, 0x0000000087a00000|100%| E|CS|TAMS 0x0000000087900000, 0x0000000087900000| Complete 
| 104|0x0000000087a00000, 0x0000000087b00000, 0x0000000087b00000|100%| E|CS|TAMS 0x0000000087a00000, 0x0000000087a00000| Complete 
| 105|0x0000000087b00000, 0x0000000087c00000, 0x0000000087c00000|100%| E|CS|TAMS 0x0000000087b00000, 0x0000000087b00000| Complete 
| 106|0x0000000087c00000, 0x0000000087d00000, 0x0000000087d00000|100%| E|CS|TAMS 0x0000000087c00000, 0x0000000087c00000| Complete 
| 107|0x0000000087d00000, 0x0000000087d55fe0, 0x0000000087e00000| 33%| S|CS|TAMS 0x0000000087d00000, 0x0000000087d00000| Complete 
| 108|0x0000000087e00000, 0x0000000087f00000, 0x0000000087f00000|100%| S|CS|TAMS 0x0000000087e00000, 0x0000000087e00000| Complete 
| 109|0x0000000087f00000, 0x0000000088000000, 0x0000000088000000|100%| S|CS|TAMS 0x0000000087f00000, 0x0000000087f00000| Complete 
| 110|0x0000000088000000, 0x0000000088100000, 0x0000000088100000|100%| E|CS|TAMS 0x0000000088000000, 0x0000000088000000| Complete 
| 111|0x0000000088100000, 0x0000000088200000, 0x0000000088200000|100%| E|CS|TAMS 0x0000000088100000, 0x0000000088100000| Complete 
| 112|0x0000000088200000, 0x0000000088300000, 0x0000000088300000|100%| E|CS|TAMS 0x0000000088200000, 0x0000000088200000| Complete 
| 113|0x0000000088300000, 0x0000000088400000, 0x0000000088400000|100%| E|CS|TAMS 0x0000000088300000, 0x0000000088300000| Complete 
| 114|0x0000000088400000, 0x0000000088500000, 0x0000000088500000|100%| E|CS|TAMS 0x0000000088400000, 0x0000000088400000| Complete 
| 115|0x0000000088500000, 0x0000000088600000, 0x0000000088600000|100%| E|CS|TAMS 0x0000000088500000, 0x0000000088500000| Complete 
| 116|0x0000000088600000, 0x0000000088700000, 0x0000000088700000|100%| E|CS|TAMS 0x0000000088600000, 0x0000000088600000| Complete 
| 117|0x0000000088700000, 0x0000000088800000, 0x0000000088800000|100%| E|CS|TAMS 0x0000000088700000, 0x0000000088700000| Complete 
| 118|0x0000000088800000, 0x0000000088900000, 0x0000000088900000|100%| E|CS|TAMS 0x0000000088800000, 0x0000000088800000| Complete 
| 119|0x0000000088900000, 0x0000000088a00000, 0x0000000088a00000|100%| E|CS|TAMS 0x0000000088900000, 0x0000000088900000| Complete 
| 120|0x0000000088a00000, 0x0000000088b00000, 0x0000000088b00000|100%| E|CS|TAMS 0x0000000088a00000, 0x0000000088a00000| Complete 
| 121|0x0000000088b00000, 0x0000000088c00000, 0x0000000088c00000|100%| E|CS|TAMS 0x0000000088b00000, 0x0000000088b00000| Complete 
| 122|0x0000000088c00000, 0x0000000088d00000, 0x0000000088d00000|100%| E|CS|TAMS 0x0000000088c00000, 0x0000000088c00000| Complete 
| 123|0x0000000088d00000, 0x0000000088e00000, 0x0000000088e00000|100%| E|CS|TAMS 0x0000000088d00000, 0x0000000088d00000| Complete 
| 124|0x0000000088e00000, 0x0000000088f00000, 0x0000000088f00000|100%| E|CS|TAMS 0x0000000088e00000, 0x0000000088e00000| Complete 
| 125|0x0000000088f00000, 0x0000000089000000, 0x0000000089000000|100%| E|CS|TAMS 0x0000000088f00000, 0x0000000088f00000| Complete 
| 126|0x0000000089000000, 0x0000000089100000, 0x0000000089100000|100%| E|CS|TAMS 0x0000000089000000, 0x0000000089000000| Complete 
| 127|0x0000000089100000, 0x0000000089200000, 0x0000000089200000|100%| E|CS|TAMS 0x0000000089100000, 0x0000000089100000| Complete 

Card table byte_map: [0x0000000019930000,0x0000000019d30000] _byte_map_base: 0x0000000019527000

Marking Bits (Prev, Next): (CMBitMap*) 0x0000000000459d30, (CMBitMap*) 0x0000000000459d70
 Prev Bits: [0x000000001a130000, 0x000000001c0e8000)
 Next Bits: [0x000000001c0f0000, 0x000000001e0a8000)

Polling page: 0x0000000000130000

Metaspace:

Usage:
  Non-class:     15.06 MB used.
      Class:      2.32 MB used.
       Both:     17.38 MB used.

Virtual space:
  Non-class space:       16.00 MB reserved,      15.19 MB ( 95%) committed,  2 nodes.
      Class space:        1.00 GB reserved,       2.50 MB ( <1%) committed,  1 nodes.
              Both:        1.02 GB reserved,      17.69 MB (  2%) committed. 

Chunk freelists:
   Non-Class:  96.00 KB
       Class:  1.48 MB
        Both:  1.57 MB

MaxMetaspaceSize: 17179869184.00 GB
CompressedClassSpaceSize: 1.00 GB
 - commit_granule_bytes: 65536.
 - commit_granule_words: 8192.
 - virtual_space_node_default_size: 1048576.
 - enlarge_chunks_in_place: 1.
 - new_chunks_are_fully_committed: 0.
 - uncommit_free_chunks: 1.
 - use_allocation_guard: 0.
 - handle_deallocations: 1.


Internal statistics:

num_allocs_failed_limit: 0.
num_arena_births: 250.
num_arena_deaths: 0.
num_vsnodes_births: 3.
num_vsnodes_deaths: 0.
num_space_committed: 283.
num_space_uncommitted: 0.
num_chunks_returned_to_freelist: 0.
num_chunks_taken_from_freelist: 864.
num_chunk_merges: 0.
num_chunk_splits: 583.
num_chunks_enlarged: 434.
num_purges: 0.

CodeHeap 'non-profiled nmethods': size=120000Kb used=989Kb max_used=989Kb free=119010Kb
 bounds [0x0000000011ad0000, 0x0000000011d40000, 0x0000000019000000]
CodeHeap 'profiled nmethods': size=120000Kb used=4807Kb max_used=4807Kb free=115192Kb
 bounds [0x000000000a5a0000, 0x000000000aa60000, 0x0000000011ad0000]
CodeHeap 'non-nmethods': size=5760Kb used=1477Kb max_used=1502Kb free=4283Kb
 bounds [0x000000000a000000, 0x000000000a270000, 0x000000000a5a0000]
 total_blobs=3500 nmethods=2653 adapters=759
 compilation: enabled
              stopped_count=0, restarted_count=0
 full_count=0

Compilation events (20 events):
Event: 9.142 Thread 0x0000000020f10fd0 nmethod 2636 0x0000000011bc6410 code [0x0000000011bc65a0, 0x0000000011bc6678]
Event: 9.142 Thread 0x0000000020f0bb30 2637       4       java.util.RegularEnumSet::contains (57 bytes)
Event: 9.142 Thread 0x0000000020f10fd0 2638       3       com.sun.javafx.UnmodifiableArrayList::get (7 bytes)
Event: 9.142 Thread 0x0000000020f10fd0 nmethod 2638 0x000000000aa3a290 code [0x000000000aa3a420, 0x000000000aa3a558]
Event: 9.142 Thread 0x0000000020f10fd0 2639       1       javafx.scene.layout.BackgroundFill::getRadii (5 bytes)
Event: 9.142 Thread 0x0000000020f10fd0 nmethod 2639 0x0000000011bc6710 code [0x0000000011bc68a0, 0x0000000011bc6978]
Event: 9.142 Thread 0x0000000020f10fd0 2640       3       com.sun.javafx.util.Utils::assertionEnabled (24 bytes)
Event: 9.142 Thread 0x0000000020f10fd0 nmethod 2640 0x000000000aa3a610 code [0x000000000aa3a7a0, 0x000000000aa3a898]
Event: 9.143 Thread 0x0000000020f10fd0 2641       3       javafx.scene.layout.Background::isEmpty (30 bytes)
Event: 9.143 Thread 0x0000000020f10fd0 nmethod 2641 0x000000000aa3a910 code [0x000000000aa3aae0, 0x000000000aa3ae18]
Event: 9.143 Thread 0x0000000020f0bb30 nmethod 2637 0x0000000011bc6a10 code [0x0000000011bc6ba0, 0x0000000011bc6cb8]
Event: 9.143 Thread 0x0000000020f10fd0 2642       3       com.sun.javafx.sg.prism.NGNode::invalidateOpaqueRegion (20 bytes)
Event: 9.143 Thread 0x0000000020f10fd0 nmethod 2642 0x000000000aa3af10 code [0x000000000aa3b0c0, 0x000000000aa3b2e8]
Event: 9.143 Thread 0x0000000020f10fd0 2643       3       javafx.scene.Node::getEffect (21 bytes)
Event: 9.144 Thread 0x0000000020f10fd0 nmethod 2643 0x000000000aa3b410 code [0x000000000aa3b5e0, 0x000000000aa3b9e8]
Event: 9.144 Thread 0x0000000020f10fd0 2644       3       com.sun.javafx.sg.prism.NGNode::geometryChanged (20 bytes)
Event: 9.144 Thread 0x0000000020f10fd0 nmethod 2644 0x000000000aa3bb10 code [0x000000000aa3bd20, 0x000000000aa3c2d8]
Event: 9.145 Thread 0x0000000020f10fd0 2645       1       javafx.scene.layout.CornerRadii::getTopLeftVerticalRadius (5 bytes)
Event: 9.145 Thread 0x0000000020f10fd0 nmethod 2645 0x0000000011bc6d90 code [0x0000000011bc6f20, 0x0000000011bc6ff8]
Event: 9.145 Thread 0x0000000020f10fd0 2646       3       com.sun.javafx.sg.prism.NGGroup::clearDirty (21 bytes)

GC Heap History (4 events):
Event: 0.465 GC heap before
{Heap before GC invocations=0 (full 0):
 garbage-first heap   total 131072K, used 12288K [0x0000000081200000, 0x0000000100000000)
  region size 1024K, 13 young (13312K), 0 survivors (0K)
 Metaspace       used 2076K, committed 2240K, reserved 1056768K
  class space    used 206K, committed 320K, reserved 1048576K
}
Event: 0.469 GC heap after
{Heap after GC invocations=1 (full 0):
 garbage-first heap   total 131072K, used 3642K [0x0000000081200000, 0x0000000100000000)
  region size 1024K, 2 young (2048K), 2 survivors (2048K)
 Metaspace       used 2076K, committed 2240K, reserved 1056768K
  class space    used 206K, committed 320K, reserved 1048576K
}
Event: 0.787 GC heap before
{Heap before GC invocations=1 (full 0):
 garbage-first heap   total 131072K, used 19002K [0x0000000081200000, 0x0000000100000000)
  region size 1024K, 18 young (18432K), 2 survivors (2048K)
 Metaspace       used 7276K, committed 7488K, reserved 1064960K
  class space    used 926K, committed 1024K, reserved 1048576K
}
Event: 0.792 GC heap after
{Heap after GC invocations=2 (full 0):
 garbage-first heap   total 131072K, used 5894K [0x0000000081200000, 0x0000000100000000)
  region size 1024K, 3 young (3072K), 3 survivors (3072K)
 Metaspace       used 7276K, committed 7488K, reserved 1064960K
  class space    used 926K, committed 1024K, reserved 1048576K
}

Deoptimization events (20 events):
Event: 9.006 Thread 0x0000000022bcfac0 DEOPT PACKING pc=0x0000000011ba3858 sp=0x0000000023e8bef0
Event: 9.006 Thread 0x0000000022bcfac0 DEOPT UNPACKING pc=0x000000000a04d72e sp=0x0000000023e8be90 mode 2
Event: 9.013 Thread 0x0000000022bcfac0 Uncommon trap: trap_request=0xffffffc6 fr.pc=0x0000000011ba3858 relative=0x0000000000000e18
Event: 9.013 Thread 0x0000000022bcfac0 Uncommon trap: reason=bimorphic_or_optimized_type_check action=maybe_recompile pc=0x0000000011ba3858 method=java.util.HashMap.putVal(ILjava/lang/Object;Ljava/lang/Object;ZZ)Ljava/lang/Object; @ 91 c2
Event: 9.013 Thread 0x0000000022bcfac0 DEOPT PACKING pc=0x0000000011ba3858 sp=0x0000000023e8bef0
Event: 9.013 Thread 0x0000000022bcfac0 DEOPT UNPACKING pc=0x000000000a04d72e sp=0x0000000023e8be90 mode 2
Event: 9.015 Thread 0x0000000022bcfac0 Uncommon trap: trap_request=0xffffffc6 fr.pc=0x0000000011ba3858 relative=0x0000000000000e18
Event: 9.015 Thread 0x0000000022bcfac0 Uncommon trap: reason=bimorphic_or_optimized_type_check action=maybe_recompile pc=0x0000000011ba3858 method=java.util.HashMap.putVal(ILjava/lang/Object;Ljava/lang/Object;ZZ)Ljava/lang/Object; @ 91 c2
Event: 9.015 Thread 0x0000000022bcfac0 DEOPT PACKING pc=0x0000000011ba3858 sp=0x0000000023e8bef0
Event: 9.015 Thread 0x0000000022bcfac0 DEOPT UNPACKING pc=0x000000000a04d72e sp=0x0000000023e8be90 mode 2
Event: 9.016 Thread 0x0000000022bcfac0 Uncommon trap: trap_request=0xffffffc6 fr.pc=0x0000000011ba3858 relative=0x0000000000000e18
Event: 9.016 Thread 0x0000000022bcfac0 Uncommon trap: reason=bimorphic_or_optimized_type_check action=maybe_recompile pc=0x0000000011ba3858 method=java.util.HashMap.putVal(ILjava/lang/Object;Ljava/lang/Object;ZZ)Ljava/lang/Object; @ 91 c2
Event: 9.016 Thread 0x0000000022bcfac0 DEOPT PACKING pc=0x0000000011ba3858 sp=0x0000000023e8bef0
Event: 9.016 Thread 0x0000000022bcfac0 DEOPT UNPACKING pc=0x000000000a04d72e sp=0x0000000023e8be90 mode 2
Event: 9.021 Thread 0x0000000022bcfac0 Uncommon trap: trap_request=0xffffffc6 fr.pc=0x0000000011b235d4 relative=0x00000000000008f4
Event: 9.021 Thread 0x0000000022bcfac0 Uncommon trap: reason=bimorphic_or_optimized_type_check action=maybe_recompile pc=0x0000000011b235d4 method=java.io.DataInputStream.readFully([BII)V @ 30 c2
Event: 9.021 Thread 0x0000000022bcfac0 DEOPT PACKING pc=0x0000000011b235d4 sp=0x0000000023e8b9f0
Event: 9.021 Thread 0x0000000022bcfac0 DEOPT UNPACKING pc=0x000000000a04d72e sp=0x0000000023e8b9c8 mode 2
Event: 9.094 Thread 0x0000000022bcfac0 DEOPT PACKING pc=0x000000000a97ced6 sp=0x0000000023e8b5e0
Event: 9.094 Thread 0x0000000022bcfac0 DEOPT UNPACKING pc=0x000000000a04dece sp=0x0000000023e8aa68 mode 0

Classes unloaded (0 events):
No events

Classes redefined (0 events):
No events

Internal exceptions (20 events):
Event: 0.677 Thread 0x0000000022bcfac0 Exception <a 'java/lang/NoSuchMethodError'{0x0000000088873d38}: 'void java.lang.invoke.DirectMethodHandle$Holder.invokeSpecial(java.lang.Object, java.lang.Object, java.lang.Object, java.lang.Object, java.lang.Object)'> (0x0000000088873d38) 
thrown [t:\workspace\open\src\hotspot\share\interpreter\linkResolver.cpp, line 790]
Event: 0.841 Thread 0x0000000022bcfac0 Exception <a 'java/lang/NoSuchMethodError'{0x0000000088f9f500}: 'void java.lang.invoke.DirectMethodHandle$Holder.invokeStaticInit(java.lang.Object, java.lang.Object)'> (0x0000000088f9f500) 
thrown [t:\workspace\open\src\hotspot\share\interpreter\linkResolver.cpp, line 790]
Event: 1.107 Thread 0x0000000022bcfac0 Exception <a 'java/io/FileNotFoundException'{0x0000000088adc7e8}> (0x0000000088adc7e8) 
thrown [t:\workspace\open\src\hotspot\share\prims\jni.cpp, line 579]
Event: 1.167 Thread 0x0000000022bcfac0 Implicit null exception at 0x0000000011b20faa to 0x0000000011b21558
Event: 1.167 Thread 0x0000000022bcfac0 Implicit null exception at 0x0000000011af1f58 to 0x0000000011af1fee
Event: 1.297 Thread 0x0000000022bcfac0 Exception <a 'java/lang/ClassNotFoundException'{0x0000000088349730}: com/sun/javafx/scene/control/skin/resources/controls> (0x0000000088349730) 
thrown [t:\workspace\open\src\hotspot\share\prims\jni.cpp, line 600]
Event: 1.298 Thread 0x0000000022bcfac0 Exception <a 'java/lang/ClassNotFoundException'{0x0000000088357230}: com/sun/javafx/scene/control/skin/resources/controls_fr> (0x0000000088357230) 
thrown [t:\workspace\open\src\hotspot\share\prims\jni.cpp, line 600]
Event: 1.300 Thread 0x0000000022bcfac0 Exception <a 'java/lang/ClassNotFoundException'{0x0000000088364d48}: com/sun/javafx/scene/control/skin/resources/controls_fr_FR> (0x0000000088364d48) 
thrown [t:\workspace\open\src\hotspot\share\prims\jni.cpp, line 600]
Event: 1.349 Thread 0x0000000022bcfac0 Exception <a 'java/lang/NoSuchMethodError'{0x0000000088125cc0}: 'void java.lang.invoke.DirectMethodHandle$Holder.invokeSpecial(java.lang.Object, java.lang.Object, java.lang.Object, java.lang.Object, java.lang.Object, java.lang.Object)'> (0x0000000088125cc0) 
thrown [t:\workspace\open\src\hotspot\share\interpreter\linkResolver.cpp, line 790]
Event: 1.392 Thread 0x0000000022bcfac0 Exception <a 'java/lang/NoSuchMethodError'{0x0000000087b2a3f0}: 'java.lang.Object java.lang.invoke.DirectMethodHandle$Holder.invokeInterface(java.lang.Object, java.lang.Object, java.lang.Object)'> (0x0000000087b2a3f0) 
thrown [t:\workspace\open\src\hotspot\share\interpreter\linkResolver.cpp, line 790]
Event: 1.393 Thread 0x0000000022bcfac0 Exception <a 'java/lang/IncompatibleClassChangeError'{0x0000000087b2df70}: Found class java.lang.Object, but interface was expected> (0x0000000087b2df70) 
thrown [t:\workspace\open\src\hotspot\share\interpreter\linkResolver.cpp, line 857]
Event: 1.473 Thread 0x0000000022bcfac0 Exception <a 'java/lang/NoSuchMethodError'{0x00000000879211a8}: 'java.lang.Object java.lang.invoke.DirectMethodHandle$Holder.newInvokeSpecial(java.lang.Object, java.lang.Object, int)'> (0x00000000879211a8) 
thrown [t:\workspace\open\src\hotspot\share\interpreter\linkResolver.cpp, line 790]
Event: 1.517 Thread 0x0000000022aabc50 Exception <a 'java/lang/NoSuchMethodError'{0x0000000087819208}: 'int java.lang.invoke.DirectMethodHandle$Holder.invokeStaticInit(java.lang.Object, java.lang.Object)'> (0x0000000087819208) 
thrown [t:\workspace\open\src\hotspot\share\interpreter\linkResolver.cpp, line 790]
Event: 1.551 Thread 0x0000000022bcfac0 Exception <a 'java/lang/NoSuchMethodError'{0x000000008789d520}: 'long java.lang.invoke.DirectMethodHandle$Holder.invokeStatic(java.lang.Object, java.lang.Object, java.lang.Object)'> (0x000000008789d520) 
thrown [t:\workspace\open\src\hotspot\share\interpreter\linkResolver.cpp, line 790]
Event: 1.552 Thread 0x0000000022bcfac0 Exception <a 'java/lang/NoSuchMethodError'{0x00000000878a0ed0}: 'long java.lang.invoke.DirectMethodHandle$Holder.invokeStaticInit(java.lang.Object, java.lang.Object, java.lang.Object)'> (0x00000000878a0ed0) 
thrown [t:\workspace\open\src\hotspot\share\interpreter\linkResolver.cpp, line 790]
Event: 1.555 Thread 0x0000000022bcfac0 Exception <a 'java/lang/NoSuchMethodError'{0x00000000878b8df0}: 'java.lang.Object java.lang.invoke.DirectMethodHandle$Holder.newInvokeSpecial(java.lang.Object, java.lang.Object, long)'> (0x00000000878b8df0) 
thrown [t:\workspace\open\src\hotspot\share\interpreter\linkResolver.cpp, line 790]
Event: 1.555 Thread 0x0000000022bcfac0 Exception <a 'java/lang/NoSuchMethodError'{0x00000000878bcb60}: 'java.lang.Object java.lang.invoke.Invokers$Holder.linkToTargetMethod(java.lang.Object, long, java.lang.Object)'> (0x00000000878bcb60) 
thrown [t:\workspace\open\src\hotspot\share\interpreter\linkResolver.cpp, line 790]
Event: 7.587 Thread 0x0000000022bcfac0 Exception <a 'java/lang/NoSuchMethodError'{0x0000000087214120}: 'java.lang.Object java.lang.invoke.DirectMethodHandle$Holder.invokeInterface(java.lang.Object, java.lang.Object)'> (0x0000000087214120) 
thrown [t:\workspace\open\src\hotspot\share\interpreter\linkResolver.cpp, line 790]
Event: 8.977 Thread 0x0000000022bcfac0 Exception <a 'java/lang/NoSuchMethodError'{0x0000000086d409e0}: 'java.lang.Object java.lang.invoke.DirectMethodHandle$Holder.invokeSpecial(java.lang.Object, java.lang.Object, long, int, java.lang.Object, java.lang.Object, java.lang.Object, int, java.lang.Object, java.lang.Object)'> (0x0000000086d409e0) 
thrown [t:\workspace\open\src\hotspot\share\interpreter\linkResolver.cpp, line 790]
Event: 8.978 Thread 0x0000000022bcfac0 Exception <a 'java/lang/NoSuchMethodError'{0x0000000086d456e8}: 'java.lang.Object java.lang.invoke.DelegatingMethodHandle$Holder.reinvoke_L(java.lang.Object, long, int, java.lang.Object, java.lang.Object, java.lang.Object, int, java.lang.Object, java.lang.Object)'> (0x0000000086d456e8) 
thrown [t:\workspace\open\src\hotspot\share\interpreter\linkResolver.cpp, line 790]

Events (20 events):
Event: 8.342 loading class java/util/regex/PatternSyntaxException done
Event: 8.351 loading class java/io/StringReader
Event: 8.351 loading class java/io/StringReader done
Event: 8.708 loading class java/util/Collections$UnmodifiableMap$UnmodifiableEntrySet
Event: 8.708 loading class java/util/Collections$UnmodifiableMap$UnmodifiableEntrySet done
Event: 8.708 loading class java/util/Collections$UnmodifiableMap$UnmodifiableEntrySet$1
Event: 8.708 loading class java/util/Collections$UnmodifiableMap$UnmodifiableEntrySet$1 done
Event: 8.708 loading class java/util/Collections$UnmodifiableMap$UnmodifiableEntrySet$UnmodifiableEntry
Event: 8.708 loading class java/util/Collections$UnmodifiableMap$UnmodifiableEntrySet$UnmodifiableEntry done
Event: 8.717 Executing  VM operation: Cleanup
Event: 8.733 Executing  VM operation: Cleanup done
Event: 9.005 loading class java/lang/Byte$ByteCache
Event: 9.005 loading class java/lang/Byte$ByteCache done
Event: 9.005 loading class java/lang/Short$ShortCache
Event: 9.005 loading class java/lang/Short$ShortCache done
Event: 9.008 Executing  VM operation: HandshakeAllThreads
Event: 9.008 Executing  VM operation: HandshakeAllThreads done
Event: 9.015 loading class jdk/internal/reflect/BootstrapConstructorAccessorImpl
Event: 9.015 loading class jdk/internal/reflect/BootstrapConstructorAccessorImpl done
Event: 9.024 Thread 0x0000000020f0bb30 Thread added: 0x0000000020f0bb30


Dynamic libraries:
0x000000013f780000 - 0x000000013f790000 	C:\Program Files\Java\jdk-16\bin\java.exe
0x00000000770c0000 - 0x0000000077269000 	C:\Windows\SYSTEM32\ntdll.dll
0x0000000076fa0000 - 0x00000000770bf000 	C:\Windows\system32\kernel32.dll
0x000007fefd160000 - 0x000007fefd1cb000 	C:\Windows\system32\KERNELBASE.dll
0x000007fef9550000 - 0x000007fef9568000 	C:\Program Files\Java\jdk-16\bin\jli.dll
0x000007feff250000 - 0x000007feff32b000 	C:\Windows\system32\ADVAPI32.dll
0x000007feff330000 - 0x000007feff3cf000 	C:\Windows\system32\msvcrt.dll
0x000007fefee80000 - 0x000007fefee9f000 	C:\Windows\SYSTEM32\sechost.dll
0x000007fefd890000 - 0x000007fefd9bd000 	C:\Windows\system32\RPCRT4.dll
0x000007fefb6a0000 - 0x000007fefb894000 	C:\Windows\WinSxS\amd64_microsoft.windows.common-controls_6595b64144ccf1df_6.0.7601.17514_none_fa396087175ac9ac\COMCTL32.dll
0x000007fefed40000 - 0x000007fefeda7000 	C:\Windows\system32\GDI32.dll
0x0000000076ea0000 - 0x0000000076f9a000 	C:\Windows\system32\USER32.dll
0x000007fefefb0000 - 0x000007fefefbe000 	C:\Windows\system32\LPK.dll
0x000007fefd540000 - 0x000007fefd609000 	C:\Windows\system32\USP10.dll
0x000007fefee00000 - 0x000007fefee71000 	C:\Windows\system32\SHLWAPI.dll
0x000007fefc170000 - 0x000007fefc17c000 	C:\Windows\system32\VERSION.dll
0x000007fefa1f0000 - 0x000007fefa209000 	C:\Program Files\Java\jdk-16\bin\VCRUNTIME140.dll
0x000007fefa220000 - 0x000007fefa224000 	C:\Program Files\Java\jdk-16\bin\api-ms-win-crt-runtime-l1-1-0.dll
0x000007fef9450000 - 0x000007fef954a000 	C:\Program Files\Java\jdk-16\bin\ucrtbase.DLL
0x000007fef9580000 - 0x000007fef9583000 	C:\Program Files\Java\jdk-16\bin\api-ms-win-core-localization-l1-2-0.dll
0x000007fef9570000 - 0x000007fef9573000 	C:\Program Files\Java\jdk-16\bin\api-ms-win-core-processthreads-l1-1-1.dll
0x000007fef9430000 - 0x000007fef9433000 	C:\Program Files\Java\jdk-16\bin\api-ms-win-core-file-l1-2-0.dll
0x000007fef9440000 - 0x000007fef9443000 	C:\Program Files\Java\jdk-16\bin\api-ms-win-core-timezone-l1-1-0.dll
0x000007fef9410000 - 0x000007fef9413000 	C:\Program Files\Java\jdk-16\bin\api-ms-win-core-file-l2-1-0.dll
0x000007fef9420000 - 0x000007fef9423000 	C:\Program Files\Java\jdk-16\bin\api-ms-win-core-synch-l1-2-0.dll
0x000007fefad50000 - 0x000007fefad53000 	C:\Program Files\Java\jdk-16\bin\api-ms-win-crt-heap-l1-1-0.dll
0x000007fefa210000 - 0x000007fefa214000 	C:\Program Files\Java\jdk-16\bin\api-ms-win-crt-string-l1-1-0.dll
0x000007fefa1d0000 - 0x000007fefa1d4000 	C:\Program Files\Java\jdk-16\bin\api-ms-win-crt-stdio-l1-1-0.dll
0x000007fefa1e0000 - 0x000007fefa1e4000 	C:\Program Files\Java\jdk-16\bin\api-ms-win-crt-convert-l1-1-0.dll
0x000007fef9e00000 - 0x000007fef9e03000 	C:\Program Files\Java\jdk-16\bin\api-ms-win-crt-environment-l1-1-0.dll
0x000007fef9dd0000 - 0x000007fef9dd3000 	C:\Program Files\Java\jdk-16\bin\api-ms-win-crt-filesystem-l1-1-0.dll
0x000007fefa0f0000 - 0x000007fefa0f5000 	C:\Program Files\Java\jdk-16\bin\api-ms-win-crt-math-l1-1-0.dll
0x000007fef9930000 - 0x000007fef9933000 	C:\Program Files\Java\jdk-16\bin\api-ms-win-crt-locale-l1-1-0.dll
0x000007fefd3e0000 - 0x000007fefd40e000 	C:\Windows\system32\IMM32.DLL
0x000007fefeea0000 - 0x000007fefefa9000 	C:\Windows\system32\MSCTF.dll
0x000007fef9e10000 - 0x000007fef9e1c000 	C:\Program Files\Java\jdk-16\bin\vcruntime140_1.dll
0x000007fef9940000 - 0x000007fef99d1000 	C:\Program Files\Java\jdk-16\bin\msvcp140.dll
0x000007fef9de0000 - 0x000007fef9de3000 	C:\Program Files\Java\jdk-16\bin\api-ms-win-crt-time-l1-1-0.dll
0x000007fef9df0000 - 0x000007fef9df3000 	C:\Program Files\Java\jdk-16\bin\api-ms-win-crt-utility-l1-1-0.dll
0x000007fec93c0000 - 0x000007fec9f6b000 	C:\Program Files\Java\jdk-16\bin\server\jvm.dll
0x000007fef7040000 - 0x000007fef7049000 	C:\Windows\system32\WSOCK32.dll
0x000007fefedb0000 - 0x000007fefedfd000 	C:\Windows\system32\WS2_32.dll
0x000007feff240000 - 0x000007feff248000 	C:\Windows\system32\NSI.dll
0x000007fefa720000 - 0x000007fefa75b000 	C:\Windows\system32\WINMM.dll
0x0000000077280000 - 0x0000000077287000 	C:\Windows\system32\PSAPI.DLL
0x000007fef9d80000 - 0x000007fef9d8a000 	C:\Program Files\Java\jdk-16\bin\jimage.dll
0x000007fefbbe0000 - 0x000007fefbd05000 	C:\Windows\system32\DBGHELP.DLL
0x000007fef9cb0000 - 0x000007fef9cd5000 	C:\Program Files\Java\jdk-16\bin\java.dll
0x000007fefd9c0000 - 0x000007fefe748000 	C:\Windows\system32\SHELL32.dll
0x000007fefeb30000 - 0x000007fefed33000 	C:\Windows\system32\ole32.dll
0x000007fefd010000 - 0x000007fefd01f000 	C:\Windows\system32\profapi.dll
0x000007fef9c90000 - 0x000007fef9ca9000 	C:\Program Files\Java\jdk-16\bin\net.dll
0x000007fef7190000 - 0x000007fef7201000 	C:\Windows\system32\WINHTTP.dll
0x000007fef7120000 - 0x000007fef7184000 	C:\Windows\system32\webio.dll
0x000007fefc880000 - 0x000007fefc8d5000 	C:\Windows\system32\mswsock.dll
0x000007fefc870000 - 0x000007fefc877000 	C:\Windows\System32\wship6.dll
0x000007fef9a10000 - 0x000007fef9a23000 	C:\Program Files\Java\jdk-16\bin\nio.dll
0x000007fef99f0000 - 0x000007fef9a08000 	C:\Program Files\Java\jdk-16\bin\zip.dll
0x000007fef9400000 - 0x000007fef9403000 	C:\Program Files\Java\javafx-sdk-16\bin\api-ms-win-core-console-l1-1-0.dll
0x000007fef93f0000 - 0x000007fef93f3000 	C:\Program Files\Java\javafx-sdk-16\bin\api-ms-win-core-console-l1-2-0.dll
0x000007fef93e0000 - 0x000007fef93e3000 	C:\Program Files\Java\javafx-sdk-16\bin\api-ms-win-core-datetime-l1-1-0.dll
0x000007fef93d0000 - 0x000007fef93d3000 	C:\Program Files\Java\javafx-sdk-16\bin\api-ms-win-core-debug-l1-1-0.dll
0x000007fef93c0000 - 0x000007fef93c3000 	C:\Program Files\Java\javafx-sdk-16\bin\api-ms-win-core-errorhandling-l1-1-0.dll
0x000007fef93b0000 - 0x000007fef93b4000 	C:\Program Files\Java\javafx-sdk-16\bin\api-ms-win-core-file-l1-1-0.dll
0x000007fef93a0000 - 0x000007fef93a3000 	C:\Program Files\Java\javafx-sdk-16\bin\api-ms-win-core-file-l1-2-0.dll
0x000007fef9390000 - 0x000007fef9393000 	C:\Program Files\Java\javafx-sdk-16\bin\api-ms-win-core-file-l2-1-0.dll
0x000007fef9380000 - 0x000007fef9383000 	C:\Program Files\Java\javafx-sdk-16\bin\api-ms-win-core-handle-l1-1-0.dll
0x000007fef9370000 - 0x000007fef9373000 	C:\Program Files\Java\javafx-sdk-16\bin\api-ms-win-core-heap-l1-1-0.dll
0x000007fef9360000 - 0x000007fef9363000 	C:\Program Files\Java\javafx-sdk-16\bin\api-ms-win-core-interlocked-l1-1-0.dll
0x000007fef9350000 - 0x000007fef9353000 	C:\Program Files\Java\javafx-sdk-16\bin\api-ms-win-core-libraryloader-l1-1-0.dll
0x000007fef9340000 - 0x000007fef9343000 	C:\Program Files\Java\javafx-sdk-16\bin\api-ms-win-core-localization-l1-2-0.dll
0x000007fef9330000 - 0x000007fef9333000 	C:\Program Files\Java\javafx-sdk-16\bin\api-ms-win-core-memory-l1-1-0.dll
0x000007fef9320000 - 0x000007fef9323000 	C:\Program Files\Java\javafx-sdk-16\bin\api-ms-win-core-namedpipe-l1-1-0.dll
0x000007fef9310000 - 0x000007fef9313000 	C:\Program Files\Java\javafx-sdk-16\bin\api-ms-win-core-processenvironment-l1-1-0.dll
0x000007fef4ba0000 - 0x000007fef4ba3000 	C:\Program Files\Java\javafx-sdk-16\bin\api-ms-win-core-processthreads-l1-1-0.dll
0x000007fef2eb0000 - 0x000007fef2eb3000 	C:\Program Files\Java\javafx-sdk-16\bin\api-ms-win-core-processthreads-l1-1-1.dll
0x000007fef2ea0000 - 0x000007fef2ea3000 	C:\Program Files\Java\javafx-sdk-16\bin\api-ms-win-core-profile-l1-1-0.dll
0x000007fef2de0000 - 0x000007fef2de3000 	C:\Program Files\Java\javafx-sdk-16\bin\api-ms-win-core-rtlsupport-l1-1-0.dll
0x000007fef2dd0000 - 0x000007fef2dd3000 	C:\Program Files\Java\javafx-sdk-16\bin\api-ms-win-core-string-l1-1-0.dll
0x000007fef2dc0000 - 0x000007fef2dc3000 	C:\Program Files\Java\javafx-sdk-16\bin\api-ms-win-core-synch-l1-1-0.dll
0x000007fef2db0000 - 0x000007fef2db3000 	C:\Program Files\Java\javafx-sdk-16\bin\api-ms-win-core-synch-l1-2-0.dll
0x000007fef2da0000 - 0x000007fef2da3000 	C:\Program Files\Java\javafx-sdk-16\bin\api-ms-win-core-sysinfo-l1-1-0.dll
0x000007fef2d90000 - 0x000007fef2d93000 	C:\Program Files\Java\javafx-sdk-16\bin\api-ms-win-core-timezone-l1-1-0.dll
0x000007fef2d80000 - 0x000007fef2d83000 	C:\Program Files\Java\javafx-sdk-16\bin\api-ms-win-core-util-l1-1-0.dll
0x000007fef2d70000 - 0x000007fef2d73000 	C:\Program Files\Java\javafx-sdk-16\bin\api-ms-win-crt-conio-l1-1-0.dll
0x000007fef2d60000 - 0x000007fef2d64000 	C:\Program Files\Java\javafx-sdk-16\bin\api-ms-win-crt-convert-l1-1-0.dll
0x000007fef2a30000 - 0x000007fef2a33000 	C:\Program Files\Java\javafx-sdk-16\bin\api-ms-win-crt-environment-l1-1-0.dll
0x000007fef2a20000 - 0x000007fef2a23000 	C:\Program Files\Java\javafx-sdk-16\bin\api-ms-win-crt-filesystem-l1-1-0.dll
0x000007fef28f0000 - 0x000007fef28f3000 	C:\Program Files\Java\javafx-sdk-16\bin\api-ms-win-crt-heap-l1-1-0.dll
0x000007fef28e0000 - 0x000007fef28e3000 	C:\Program Files\Java\javafx-sdk-16\bin\api-ms-win-crt-locale-l1-1-0.dll
0x000007fef2880000 - 0x000007fef2885000 	C:\Program Files\Java\javafx-sdk-16\bin\api-ms-win-crt-math-l1-1-0.dll
0x000007fef2870000 - 0x000007fef2875000 	C:\Program Files\Java\javafx-sdk-16\bin\api-ms-win-crt-multibyte-l1-1-0.dll
0x000007fef2860000 - 0x000007fef2870000 	C:\Program Files\Java\javafx-sdk-16\bin\api-ms-win-crt-private-l1-1-0.dll
0x000007fef2850000 - 0x000007fef2853000 	C:\Program Files\Java\javafx-sdk-16\bin\api-ms-win-crt-process-l1-1-0.dll
0x000007fef2840000 - 0x000007fef2844000 	C:\Program Files\Java\javafx-sdk-16\bin\api-ms-win-crt-runtime-l1-1-0.dll
0x000007fef2830000 - 0x000007fef2834000 	C:\Program Files\Java\javafx-sdk-16\bin\api-ms-win-crt-stdio-l1-1-0.dll
0x000007fef2820000 - 0x000007fef2824000 	C:\Program Files\Java\javafx-sdk-16\bin\api-ms-win-crt-string-l1-1-0.dll
0x000007fee3140000 - 0x000007fee3143000 	C:\Program Files\Java\javafx-sdk-16\bin\api-ms-win-crt-time-l1-1-0.dll
0x000007fee3130000 - 0x000007fee3133000 	C:\Program Files\Java\javafx-sdk-16\bin\api-ms-win-crt-utility-l1-1-0.dll
0x000007fedae10000 - 0x000007fedaf0c000 	C:\Program Files\Java\javafx-sdk-16\bin\ucrtbase.dll
0x000007fee3110000 - 0x000007fee3129000 	C:\Program Files\Java\javafx-sdk-16\bin\vcruntime140.dll
0x000007fee3100000 - 0x000007fee310c000 	C:\Program Files\Java\javafx-sdk-16\bin\vcruntime140_1.dll
0x000007fedabc0000 - 0x000007fedac51000 	C:\Program Files\Java\javafx-sdk-16\bin\msvcp140.dll
0x000007fedade0000 - 0x000007fedae07000 	C:\Program Files\Java\javafx-sdk-16\bin\prism_d3d.dll
0x000007feec5c0000 - 0x000007feec7bf000 	C:\Windows\system32\d3d9.dll
0x000007feeec90000 - 0x000007feeec97000 	C:\Windows\system32\d3d8thk.dll
0x000007fefb9b0000 - 0x000007fefb9c8000 	C:\Windows\system32\dwmapi.dll
0x000007fefb4c0000 - 0x000007fefb516000 	C:\Windows\system32\uxtheme.dll
0x000007fef1c30000 - 0x000007fef1e07000 	C:\Windows\system32\aticfx64.dll
0x000007fee30c0000 - 0x000007fee30f1000 	C:\Windows\system32\atiu9p64.dll
0x000007fed8710000 - 0x000007fed8f5b000 	C:\Windows\system32\igdumdim64.dll
0x000007feef580000 - 0x000007feef9b1000 	C:\Windows\system32\igdusc64.dll
0x000007fed7a80000 - 0x000007fed8709000 	C:\Windows\system32\atiumd64.dll
0x000000006bfe0000 - 0x000000006cda5000 	C:\Windows\system32\atiumd6a.dll
0x000007fefbbb0000 - 0x000007fefbbdc000 	C:\Windows\system32\POWRPROF.dll
0x000007fefd610000 - 0x000007fefd7e7000 	C:\Windows\system32\SETUPAPI.dll
0x000007fefd230000 - 0x000007fefd266000 	C:\Windows\system32\CFGMGR32.dll
0x000007feff160000 - 0x000007feff237000 	C:\Windows\system32\OLEAUT32.dll
0x000007fefd1d0000 - 0x000007fefd1ea000 	C:\Windows\system32\DEVOBJ.dll
0x000007fedad90000 - 0x000007fedadd2000 	C:\Program Files\Java\javafx-sdk-16\bin\glass.dll
0x000007fefd7f0000 - 0x000007fefd887000 	C:\Windows\system32\COMDLG32.dll
0x000007fefcf40000 - 0x000007fefcf4f000 	C:\Windows\system32\CRYPTBASE.dll
0x000007fedaba0000 - 0x000007fedabb4000 	C:\Program Files\Java\javafx-sdk-16\bin\javafx_font.dll
0x000007fee56c0000 - 0x000007fee5856000 	C:\Windows\system32\dwrite.dll
0x000007fefea30000 - 0x000007fefeac9000 	C:\Windows\system32\CLBCatQ.DLL
0x000007fefaf00000 - 0x000007fefb061000 	C:\Windows\system32\WindowsCodecs.dll
0x000007fefcee0000 - 0x000007fefcf37000 	C:\Windows\system32\apphelp.dll
0x000007feef4e0000 - 0x000007feef4e9000 	C:\Program Files (x86)\Internet Download Manager\IDMShellExt64.dll

dbghelp: loaded successfully - version: 4.0.5 - missing functions: none
symbol engine: initialized successfully - sym options: 0x614 - pdb path: .;C:\Program Files\Java\jdk-16\bin;C:\Windows\SYSTEM32;C:\Windows\WinSxS\amd64_microsoft.windows.common-controls_6595b64144ccf1df_6.0.7601.17514_none_fa396087175ac9ac;C:\Program Files\Java\jdk-16\bin\server;C:\Program Files\Java\javafx-sdk-16\bin;C:\Program Files (x86)\Internet Download Manager;C:\Program Files\Common Files\Microsoft Shared\Ink

VM Arguments:
jvm_args: -Dfile.encoding=UTF-8 --module-path=C:\Program Files\Java\javafx-sdk-16\lib --add-modules=javafx.controls,javafx.fxml --module-path=C:\Program Files\Java\javafx-sdk-16\lib\javafx-swt.jar;C:\Program Files\Java\javafx-sdk-16\lib\javafx.base.jar;C:\Program Files\Java\javafx-sdk-16\lib\javafx.controls.jar;C:\Program Files\Java\javafx-sdk-16\lib\javafx.fxml.jar;C:\Program Files\Java\javafx-sdk-16\lib\javafx.graphics.jar;C:\Program Files\Java\javafx-sdk-16\lib\javafx.media.jar;C:\Program Files\Java\javafx-sdk-16\lib\javafx.swing.jar;C:\Program Files\Java\javafx-sdk-16\lib\javafx.web.jar 
java_command: test.FXMain
java_class_path (initial): C:\Users\Toshiba\Documents\NetBeansProjects\TeamKaizenApp\lib\javax.mail.jar;C:\Users\Toshiba\Documents\NetBeansProjects\TeamKaizenApp\lib\mysql-connector-java-5.1.15-bin.jar;C:\Users\Toshiba\Documents\NetBeansProjects\TeamKaizenApp\lib\twilio-7.55.3.jar;C:\Users\Toshiba\Documents\NetBeansProjects\TeamKaizenApp\lib\twilio-8.8.0-jar-with-dependencies.jar;C:\Users\Toshiba\Desktop\PIDEV\javafx\javafx-sdk-16\lib\javafx-swt.jar;C:\Users\Toshiba\Desktop\PIDEV\javafx\javafx-sdk-16\lib\javafx.base.jar;C:\Users\Toshiba\Desktop\PIDEV\javafx\javafx-sdk-16\lib\javafx.controls.jar;C:\Users\Toshiba\Desktop\PIDEV\javafx\javafx-sdk-16\lib\javafx.fxml.jar;C:\Users\Toshiba\Desktop\PIDEV\javafx\javafx-sdk-16\lib\javafx.graphics.jar;C:\Users\Toshiba\Desktop\PIDEV\javafx\javafx-sdk-16\lib\javafx.media.jar;C:\Users\Toshiba\Desktop\PIDEV\javafx\javafx-sdk-16\lib\javafx.swing.jar;C:\Users\Toshiba\Desktop\PIDEV\javafx\javafx-sdk-16\lib\javafx.web.jar;C:\Users\Toshiba\Desktop\PIDEV\javafx\javafx-sdk-16\lib\src.zip;C:\Users\Toshiba\Documents\NetBeansProjects\TeamKaizenApp\build\classes
Launcher Type: SUN_STANDARD

[Global flags]
     intx CICompilerCount                          = 3                                         {product} {ergonomic}
     uint ConcGCThreads                            = 1                                         {product} {ergonomic}
     uint G1ConcRefinementThreads                  = 4                                         {product} {ergonomic}
   size_t G1HeapRegionSize                         = 1048576                                   {product} {ergonomic}
    uintx GCDrainStackTargetSize                   = 64                                        {product} {ergonomic}
   size_t InitialHeapSize                          = 134217728                                 {product} {ergonomic}
   size_t MarkStackSize                            = 4194304                                   {product} {ergonomic}
   size_t MaxHeapSize                              = 2128609280                                {product} {ergonomic}
   size_t MaxNewSize                               = 1277165568                                {product} {ergonomic}
   size_t MinHeapDeltaBytes                        = 1048576                                   {product} {ergonomic}
   size_t MinHeapSize                              = 8388608                                   {product} {ergonomic}
    uintx NonNMethodCodeHeapSize                   = 5832780                                {pd product} {ergonomic}
    uintx NonProfiledCodeHeapSize                  = 122912730                              {pd product} {ergonomic}
    uintx ProfiledCodeHeapSize                     = 122912730                              {pd product} {ergonomic}
    uintx ReservedCodeCacheSize                    = 251658240                              {pd product} {ergonomic}
     bool SegmentedCodeCache                       = true                                      {product} {ergonomic}
   size_t SoftMaxHeapSize                          = 2128609280                             {manageable} {ergonomic}
     bool UseCompressedClassPointers               = true                           {product lp64_product} {ergonomic}
     bool UseCompressedOops                        = true                           {product lp64_product} {ergonomic}
     bool UseG1GC                                  = true                                      {product} {ergonomic}
     bool UseLargePagesIndividualAllocation        = false                                  {pd product} {ergonomic}

Logging:
Log output configuration:
 #0: stdout all=warning uptime,level,tags
 #1: stderr all=off uptime,level,tags

Environment Variables:
PATH=C:\Program Files\Common Files\Oracle\Java\javapath;C:\Program Files\Java\jdk-16\bin\javaw.exe;C:\Program Files\Git\cmd;C:\Program Files\Intel\WiFi\bin\;C:\Program Files\Common Files\Intel\WirelessCommon\
USERNAME=Toshiba
OS=Windows_NT
PROCESSOR_IDENTIFIER=Intel64 Family 6 Model 69 Stepping 1, GenuineIntel



---------------  S Y S T E M  ---------------

OS:
 Windows 7 , 64 bit Build 7601 (6.1.7601.17514)
OS uptime: 0 days 0:20 hours

CPU: total 4 (initial active 4) (2 cores per cpu, 2 threads per core) family 6 model 69 stepping 1 microcode 0x0, cx8, cmov, fxsr, ht, mmx, sse, sse2, sse3, ssse3, sse4.1, sse4.2, popcnt, lzcnt, tsc, tscinvbit, avx, avx2, aes, erms, clmul, bmi1, bmi2, fma, vzeroupper, clflush

Memory: 4k page, system-wide physical 8117M (4468M free)
TotalPageFile size 16232M (AvailPageFile size 10406M)
current process WorkingSet (physical memory assigned to process): 179M, peak: 183M
current process commit charge ("private bytes"): 309M, peak: 320M

vm_info: Java HotSpot(TM) 64-Bit Server VM (16+36-2231) for windows-amd64 JRE (16+36-2231), built on Feb  8 2021 11:43:10 by "mach5one" with MS VC++ 16.7 (VS2019)

END.
