#
# A fatal error has been detected by the Java Runtime Environment:
#
#  EXCEPTION_ACCESS_VIOLATION (0xc0000005) at pc=0x000007fed87c53d0, pid=5428, tid=4732
#
# JRE version: Java(TM) SE Runtime Environment (16.0+36) (build 16+36-2231)
# Java VM: Java HotSpot(TM) 64-Bit Server VM (16+36-2231, mixed mode, sharing, tiered, compressed oops, g1 gc, windows-amd64)
# Problematic frame:
# C  [igdumdim64.dll+0xb53d0]
#
# No core dump will be written. Minidumps are not enabled by default on client versions of Windows
#
# If you would like to submit a bug report, please visit:
#   https://bugreport.java.com/bugreport/crash.jsp
# The crash happened outside the Java Virtual Machine in native code.
# See problematic frame for where to report the bug.
#

---------------  S U M M A R Y ------------

Command Line: -Dfile.encoding=UTF-8 --module-path=C:\Program Files\Java\javafx-sdk-16\lib --add-modules=javafx.controls,javafx.fxml --module-path=C:\Program Files\Java\javafx-sdk-16\lib\javafx-swt.jar;C:\Program Files\Java\javafx-sdk-16\lib\javafx.base.jar;C:\Program Files\Java\javafx-sdk-16\lib\javafx.controls.jar;C:\Program Files\Java\javafx-sdk-16\lib\javafx.fxml.jar;C:\Program Files\Java\javafx-sdk-16\lib\javafx.graphics.jar;C:\Program Files\Java\javafx-sdk-16\lib\javafx.media.jar;C:\Program Files\Java\javafx-sdk-16\lib\javafx.swing.jar;C:\Program Files\Java\javafx-sdk-16\lib\javafx.web.jar test.FXMain

Host: Intel(R) Core(TM) i7-4510U CPU @ 2.00GHz, 4 cores, 7G,  Windows 7 , 64 bit Build 7601 (6.1.7601.17514)
Time: Mon Jul  5 10:02:25 2021 Paris, Madrid elapsed time: 10.893260 seconds (0d 0h 0m 10s)

---------------  T H R E A D  ---------------

Current thread (0x0000000022c26450):  JavaThread "QuantumRenderer-0" daemon [_thread_in_native, id=4732, stack(0x00000000238b0000,0x00000000239b0000)]

Stack: [0x00000000238b0000,0x00000000239b0000],  sp=0x00000000239ad5f0,  free space=1013k
Native frames: (J=compiled Java code, j=interpreted, Vv=VM code, C=native code)
C  [igdumdim64.dll+0xb53d0]

Java frames: (J=compiled Java code, j=interpreted, Vv=VM code)
j  com.sun.prism.d3d.D3DResourceFactory.nUpdateTextureB(JJLjava/nio/ByteBuffer;[BIIIIIIII)I+0 javafx.graphics
j  com.sun.prism.d3d.D3DTexture.update(Ljava/nio/Buffer;Lcom/sun/prism/PixelFormat;IIIIIII)V+205 javafx.graphics
j  com.sun.prism.d3d.D3DTexture.update(Ljava/nio/Buffer;Lcom/sun/prism/PixelFormat;IIIIIIIZ)V+89 javafx.graphics
j  com.sun.prism.impl.BaseTexture.update(Lcom/sun/prism/Image;IIIIZ)V+40 javafx.graphics
j  com.sun.prism.impl.BaseResourceFactory.createTexture(Lcom/sun/prism/Image;Lcom/sun/prism/Texture$Usage;Lcom/sun/prism/Texture$WrapMode;Z)Lcom/sun/prism/Texture;+49 javafx.graphics
j  com.sun.prism.impl.BaseResourceFactory.getCachedTexture(Lcom/sun/prism/Image;Lcom/sun/prism/Texture$WrapMode;Z)Lcom/sun/prism/Texture;+325 javafx.graphics
j  com.sun.prism.impl.BaseResourceFactory.getCachedTexture(Lcom/sun/prism/Image;Lcom/sun/prism/Texture$WrapMode;)Lcom/sun/prism/Texture;+4 javafx.graphics
j  com.sun.javafx.sg.prism.NGImageView.renderContent(Lcom/sun/prism/Graphics;)V+53 javafx.graphics
j  com.sun.javafx.sg.prism.NGNode.doRender(Lcom/sun/prism/Graphics;)V+330 javafx.graphics
j  com.sun.javafx.sg.prism.NGImageView.doRender(Lcom/sun/prism/Graphics;)V+20 javafx.graphics
J 2260 c1 com.sun.javafx.sg.prism.NGNode.render(Lcom/sun/prism/Graphics;)V javafx.graphics (39 bytes) @ 0x000000000a6ea774 [0x000000000a6ea4e0+0x0000000000000294]
j  com.sun.javafx.sg.prism.NGGroup.renderContent(Lcom/sun/prism/Graphics;)V+151 javafx.graphics
j  com.sun.javafx.sg.prism.NGRegion.renderContent(Lcom/sun/prism/Graphics;)V+111 javafx.graphics
j  com.sun.javafx.sg.prism.NGNode.doRender(Lcom/sun/prism/Graphics;)V+330 javafx.graphics
J 2260 c1 com.sun.javafx.sg.prism.NGNode.render(Lcom/sun/prism/Graphics;)V javafx.graphics (39 bytes) @ 0x000000000a6ea774 [0x000000000a6ea4e0+0x0000000000000294]
j  com.sun.javafx.sg.prism.NGGroup.renderContent(Lcom/sun/prism/Graphics;)V+151 javafx.graphics
j  com.sun.javafx.sg.prism.NGRegion.renderContent(Lcom/sun/prism/Graphics;)V+111 javafx.graphics
j  com.sun.javafx.sg.prism.NGNode.doRender(Lcom/sun/prism/Graphics;)V+330 javafx.graphics
J 2260 c1 com.sun.javafx.sg.prism.NGNode.render(Lcom/sun/prism/Graphics;)V javafx.graphics (39 bytes) @ 0x000000000a6ea774 [0x000000000a6ea4e0+0x0000000000000294]
j  com.sun.javafx.sg.prism.NGGroup.renderContent(Lcom/sun/prism/Graphics;)V+151 javafx.graphics
j  com.sun.javafx.sg.prism.NGRegion.renderContent(Lcom/sun/prism/Graphics;)V+111 javafx.graphics
j  com.sun.javafx.sg.prism.NGNode.doRender(Lcom/sun/prism/Graphics;)V+330 javafx.graphics
J 2260 c1 com.sun.javafx.sg.prism.NGNode.render(Lcom/sun/prism/Graphics;)V javafx.graphics (39 bytes) @ 0x000000000a6ea774 [0x000000000a6ea4e0+0x0000000000000294]
j  com.sun.javafx.tk.quantum.ViewPainter.doPaint(Lcom/sun/prism/Graphics;Lcom/sun/javafx/sg/prism/NodePath;)V+202 javafx.graphics
j  com.sun.javafx.tk.quantum.ViewPainter.paintImpl(Lcom/sun/prism/Graphics;)V+962 javafx.graphics
j  com.sun.javafx.tk.quantum.PresentingPainter.run()V+326 javafx.graphics
j  java.util.concurrent.Executors$RunnableAdapter.call()Ljava/lang/Object;+4 java.base@16
j  java.util.concurrent.FutureTask.runAndReset()Z+44 java.base@16
j  com.sun.javafx.tk.RenderJob.run()V+1 javafx.graphics
j  java.util.concurrent.ThreadPoolExecutor.runWorker(Ljava/util/concurrent/ThreadPoolExecutor$Worker;)V+92 java.base@16
j  java.util.concurrent.ThreadPoolExecutor$Worker.run()V+5 java.base@16
j  com.sun.javafx.tk.quantum.QuantumRenderer$PipelineRunnable.run()V+8 javafx.graphics
j  java.lang.Thread.run()V+11 java.base@16
v  ~StubRoutines::call_stub

siginfo: EXCEPTION_ACCESS_VIOLATION (0xc0000005), reading address 0x0000000000000014


Register to memory mapping:

RIP=0x000007fed87c53d0 igdumdim64.dll
RAX=0x0000000023d4af18 points into unknown readable memory: 0x0000000023d4af00 | 00 af d4 23 00 00 00 00
RBX=0x00000000239ad7a0 is pointing into the stack for thread: 0x0000000022c26450
RCX=0x0000000023d4af00 points into unknown readable memory: 0x0000000000000000 | 00 00 00 00 00 00 00 00
RDX=0x00000000239ad710 is pointing into the stack for thread: 0x0000000022c26450
RSP=0x00000000239ad5f0 is pointing into the stack for thread: 0x0000000022c26450
RBP=0x00000000239ad6e0 is pointing into the stack for thread: 0x0000000022c26450
RSI=0x0 is NULL
RDI=0x0000000000010080 points into unknown readable memory: 0x0000000000000000 | 00 00 00 00 00 00 00 00
R8 =0x00000000239ad940 is pointing into the stack for thread: 0x0000000022c26450
R9 =0x000007fef1cb7a90 aticfx64.dll
R10=0x000007fef1cb7a60 aticfx64.dll
R11=0x00000000239ad6e8 is pointing into the stack for thread: 0x0000000022c26450
R12=0x00000000239ad710 is pointing into the stack for thread: 0x0000000022c26450
R13=0x0 is NULL
R14=0x00000000221fffc0 points into unknown readable memory: 0x00000000241a2c50 | 50 2c 1a 24 00 00 00 00
R15=0x0000000023d4af00 points into unknown readable memory: 0x0000000000000000 | 00 00 00 00 00 00 00 00


Registers:
RAX=0x0000000023d4af18, RBX=0x00000000239ad7a0, RCX=0x0000000023d4af00, RDX=0x00000000239ad710
RSP=0x00000000239ad5f0, RBP=0x00000000239ad6e0, RSI=0x0000000000000000, RDI=0x0000000000010080
R8 =0x00000000239ad940, R9 =0x000007fef1cb7a90, R10=0x000007fef1cb7a60, R11=0x00000000239ad6e8
R12=0x00000000239ad710, R13=0x0000000000000000, R14=0x00000000221fffc0, R15=0x0000000023d4af00
RIP=0x000007fed87c53d0, EFLAGS=0x0000000000010206

Top of Stack: (sp=0x00000000239ad5f0)
0x00000000239ad5f0:   00000027004d0009 00000000239fe5d0
0x00000000239ad600:   0000000000000000 0000000000000000
0x00000000239ad610:   00000000221f98d0 000007fed873d4a9
0x00000000239ad620:   0000002000000020 0000000000000000
0x00000000239ad630:   0000000000000000 0000000000000000
0x00000000239ad640:   0000000000000000 0000000000000000
0x00000000239ad650:   0000000000000001 0000000000000000
0x00000000239ad660:   0000000000000000 0000000000000001
0x00000000239ad670:   0000000000000001 000007fed8aa7b38
0x00000000239ad680:   0000000000000007 0000000023d4af18
0x00000000239ad690:   fffffffffffffffe 0000000000000000
0x00000000239ad6a0:   0000000000000000 00000000239ad910
0x00000000239ad6b0:   000000002419fb50 00000000222cc570
0x00000000239ad6c0:   000007fef1d5b1e8 0000000022bdeb80
0x00000000239ad6d0:   0000000000000000 00000000239ad7a0
0x00000000239ad6e0:   00000000239ad7f0 000007fee30cb4ee 

Instructions: (pc=0x000007fed87c53d0)
0x000007fed87c52d0:   8b 44 24 68 89 44 24 20 4d 8b ce 44 8b 44 24 64
0x000007fed87c52e0:   49 8b d5 49 8b cf e8 95 55 01 00 eb 6b 41 8b 44
0x000007fed87c52f0:   24 2c 89 45 20 41 8b 44 24 30 89 45 24 48 8d 45
0x000007fed87c5300:   20 48 89 44 24 30 49 8d 44 24 0c 48 89 44 24 28
0x000007fed87c5310:   8b 44 24 68 89 44 24 20 4d 8b ce 44 8b 44 24 64
0x000007fed87c5320:   49 8b d5 49 8b cf e8 25 7b 03 00 8b f8 85 c0 78
0x000007fed87c5330:   29 48 8b 55 28 48 85 d2 74 0a 49 8b cf e8 2e 98
0x000007fed87c5340:   02 00 8b f8 85 ff 78 12 48 85 db 74 0d 48 8b d3
0x000007fed87c5350:   49 8b cf e8 18 98 02 00 8b f8 48 8b 45 a8 48 8b
0x000007fed87c5360:   08 e8 1a da f4 ff 8b c7 48 81 c4 b8 00 00 00 41
0x000007fed87c5370:   5f 41 5e 41 5d 41 5c 5f 5e 5b 5d c3 cc cc cc cc
0x000007fed87c5380:   4c 8b dc 55 48 8b ec 53 56 57 41 54 41 55 41 56
0x000007fed87c5390:   41 57 48 81 ec b8 00 00 00 49 c7 43 a8 fe ff ff
0x000007fed87c53a0:   ff 4c 8b e2 4c 8b f9 48 8d 05 8a 27 2e 00 49 89
0x000007fed87c53b0:   43 90 41 c7 43 98 07 00 00 00 48 8d 41 18 49 89
0x000007fed87c53c0:   43 a0 4c 8b 2a 4c 8b 72 20 8b 72 40 41 8b 7e 14
0x000007fed87c53d0:   41 8b 5d 14 48 8b 89 70 2a 00 00 e8 50 6b 08 00
0x000007fed87c53e0:   84 c0 74 2e 0f ba e3 1e 73 28 0f ba e7 1e 72 22
0x000007fed87c53f0:   ba 02 00 00 00 49 8b 8f 70 2a 00 00 e8 8f 6b 08
0x000007fed87c5400:   00 90 49 8b 4f 18 e8 75 d9 f4 ff 33 c0 e9 c6 05
0x000007fed87c5410:   00 00 33 c0 8b f8 8b de c1 eb 02 83 e3 01 74 0d
0x000007fed87c5420:   40 f6 c6 08 74 07 bf 57 00 07 80 eb 29 85 db 75
0x000007fed87c5430:   06 40 f6 c6 08 74 1f 41 8b 4d 10 e8 e0 bd f9 ff
0x000007fed87c5440:   84 c0 74 0d 41 8b 4e 10 e8 d3 bd f9 ff 84 c0 75
0x000007fed87c5450:   05 bf 01 40 00 80 41 83 7d 08 04 75 17 41 83 7e
0x000007fed87c5460:   08 01 75 10 49 8b d4 49 8b cf e8 51 1f 02 00 e9
0x000007fed87c5470:   54 05 00 00 85 ff 0f 85 4e 05 00 00 49 8b 45 68
0x000007fed87c5480:   48 85 c0 74 11 f6 40 28 04 74 0b 49 8b d5 49 8b
0x000007fed87c5490:   cf e8 9a 86 f6 ff 41 80 bd dd 00 00 00 00 74 1d
0x000007fed87c54a0:   48 c7 44 24 20 00 00 00 00 41 b9 01 00 00 00 45
0x000007fed87c54b0:   33 c0 49 8b d5 49 8b cf e8 f3 c1 fd ff 41 f6 86
0x000007fed87c54c0:   c8 00 00 00 01 74 08 41 c6 86 dc 00 00 00 01 45 


Stack slot to memory mapping:
stack at sp + 0 slots: 0x00000027004d0009 is an unknown value
stack at sp + 1 slots: 0x00000000239fe5d0 points into unknown readable memory: 0x0000000000000000 | 00 00 00 00 00 00 00 00
stack at sp + 2 slots: 0x0 is NULL
stack at sp + 3 slots: 0x0 is NULL
stack at sp + 4 slots: 0x00000000221f98d0 points into unknown readable memory: 0x0000000000000000 | 00 00 00 00 00 00 00 00
stack at sp + 5 slots: 0x000007fed873d4a9 igdumdim64.dll
stack at sp + 6 slots: 0x0000002000000020 is an unknown value
stack at sp + 7 slots: 0x0 is NULL


---------------  P R O C E S S  ---------------

Threads class SMR info:
_java_thread_list=0x00000000233f1ae0, length=20, elements={
0x00000000004c4580, 0x0000000020bf7b30, 0x0000000020bfa900, 0x0000000020c07400,
0x0000000020c09e70, 0x0000000020c0a780, 0x0000000020c0e590, 0x0000000020c0f680,
0x0000000020c10080, 0x0000000020c24da0, 0x0000000020d04910, 0x000000002295c710,
0x0000000022c26450, 0x0000000022cb60b0, 0x00000000230463a0, 0x0000000022c0e9b0,
0x0000000022cc53a0, 0x00000000232e0df0, 0x00000000232e1340, 0x000000002383a780
}

Java Threads: ( => current thread )
  0x00000000004c4580 JavaThread "main" [_thread_blocked, id=6636, stack(0x0000000002100000,0x0000000002200000)]
  0x0000000020bf7b30 JavaThread "Reference Handler" daemon [_thread_blocked, id=856, stack(0x00000000219c0000,0x0000000021ac0000)]
  0x0000000020bfa900 JavaThread "Finalizer" daemon [_thread_blocked, id=2780, stack(0x0000000021bb0000,0x0000000021cb0000)]
  0x0000000020c07400 JavaThread "Signal Dispatcher" daemon [_thread_blocked, id=6824, stack(0x0000000021dc0000,0x0000000021ec0000)]
  0x0000000020c09e70 JavaThread "Attach Listener" daemon [_thread_blocked, id=5940, stack(0x0000000021890000,0x0000000021990000)]
  0x0000000020c0a780 JavaThread "Service Thread" daemon [_thread_blocked, id=344, stack(0x0000000021f80000,0x0000000022080000)]
  0x0000000020c0e590 JavaThread "Monitor Deflation Thread" daemon [_thread_blocked, id=6896, stack(0x00000000220b0000,0x00000000221b0000)]
  0x0000000020c0f680 JavaThread "C2 CompilerThread0" daemon [_thread_in_native, id=5540, stack(0x00000000222e0000,0x00000000223e0000)]
  0x0000000020c10080 JavaThread "C1 CompilerThread0" daemon [_thread_blocked, id=2804, stack(0x0000000022440000,0x0000000022540000)]
  0x0000000020c24da0 JavaThread "Sweeper thread" daemon [_thread_blocked, id=7040, stack(0x00000000225b0000,0x00000000226b0000)]
  0x0000000020d04910 JavaThread "Common-Cleaner" daemon [_thread_blocked, id=6068, stack(0x00000000227d0000,0x00000000228d0000)]
  0x000000002295c710 JavaThread "Notification Thread" daemon [_thread_blocked, id=6952, stack(0x0000000021cb0000,0x0000000021db0000)]
=>0x0000000022c26450 JavaThread "QuantumRenderer-0" daemon [_thread_in_native, id=4732, stack(0x00000000238b0000,0x00000000239b0000)]
  0x0000000022cb60b0 JavaThread "InvokeLaterDispatcher" daemon [_thread_blocked, id=6524, stack(0x0000000023d70000,0x0000000023e70000)]
  0x00000000230463a0 JavaThread "JavaFX Application Thread" [_thread_blocked, id=5996, stack(0x0000000024260000,0x0000000024360000)]
  0x0000000022c0e9b0 JavaThread "JavaFX-Launcher" [_thread_blocked, id=1944, stack(0x0000000025dd0000,0x0000000025ed0000)]
  0x0000000022cc53a0 JavaThread "Thread-2" daemon [_thread_in_native, id=6320, stack(0x0000000025c70000,0x0000000025d70000)]
  0x00000000232e0df0 JavaThread "Prism Font Disposer" daemon [_thread_blocked, id=5160, stack(0x0000000028890000,0x0000000028990000)]
  0x00000000232e1340 JavaThread "Cleaner-0" daemon [_thread_blocked, id=7156, stack(0x0000000028a70000,0x0000000028b70000)]
  0x000000002383a780 JavaThread "C2 CompilerThread1" daemon [_thread_blocked, id=5920, stack(0x0000000022dd0000,0x0000000022ed0000)]

Other Threads:
  0x0000000020bec3e0 VMThread "VM Thread" [stack: 0x0000000020e40000,0x0000000020f40000] [id=6864]
  0x000000002295cc30 WatcherThread [stack: 0x0000000022f40000,0x0000000023040000] [id=5572]
  0x0000000000509730 GCTaskThread "GC Thread#0" [stack: 0x000000001e080000,0x000000001e180000] [id=6204]
  0x0000000022bd2090 GCTaskThread "GC Thread#1" [stack: 0x0000000023b70000,0x0000000023c70000] [id=3176]
  0x0000000022bc7be0 GCTaskThread "GC Thread#2" [stack: 0x0000000023e80000,0x0000000023f80000] [id=6840]
  0x0000000022c98ca0 GCTaskThread "GC Thread#3" [stack: 0x0000000024030000,0x0000000024130000] [id=6244]
  0x000000000051a540 ConcurrentGCThread "G1 Main Marker" [stack: 0x000000001e280000,0x000000001e380000] [id=5596]
  0x000000000051db00 ConcurrentGCThread "G1 Conc#0" [stack: 0x000000001e4b0000,0x000000001e5b0000] [id=3096]
  0x000000000054f930 ConcurrentGCThread "G1 Refine#0" [stack: 0x0000000020850000,0x0000000020950000] [id=6752]
  0x000000001e1c4470 ConcurrentGCThread "G1 Service" [stack: 0x0000000020a50000,0x0000000020b50000] [id=5800]

Threads with active compile tasks:
C2 CompilerThread0    10961 2528       4       jdk.internal.org.objectweb.asm.Frame::execute (2305 bytes)

VM state: not at safepoint (normal execution)

VM Mutex/Monitor currently owned by a thread: None

Heap address: 0x0000000081200000, size: 2030 MB, Compressed Oops mode: 32-bit
CDS archive(s) mapped at: [0x0000000800000000-0x0000000800bb0000-0x0000000800bb0000), size 12255232, SharedBaseAddress: 0x0000000800000000, ArchiveRelocationMode: 0.
Compressed class space mapped at: 0x0000000800c00000-0x0000000840c00000, reserved size: 1073741824
Narrow klass base: 0x0000000800000000, Narrow klass shift: 3, Narrow klass range: 0x100000000

GC Precious Log:
 CPUs: 4 total, 4 available
 Memory: 8117M
 Large Page Support: Disabled
 NUMA Support: Disabled
 Compressed Oops: Enabled (32-bit)
 Heap Region Size: 1M
 Heap Min Capacity: 8M
 Heap Initial Capacity: 128M
 Heap Max Capacity: 2030M
 Pre-touch: Disabled
 Parallel Workers: 4
 Concurrent Workers: 1
 Concurrent Refinement Workers: 4
 Periodic GC: Disabled

Heap:
 garbage-first heap   total 131072K, used 57521K [0x0000000081200000, 0x0000000100000000)
  region size 1024K, 40 young (40960K), 3 survivors (3072K)
 Metaspace       used 17994K, committed 18304K, reserved 1064960K
  class space    used 2383K, committed 2560K, reserved 1048576K

Heap Regions: E=young(eden), S=young(survivor), O=old, HS=humongous(starts), HC=humongous(continues), CS=collection set, F=free, OA=open archive, CA=closed archive, TAMS=top-at-mark-start (previous, next)
|   0|0x0000000081200000, 0x0000000081300000, 0x0000000081300000|100%| O|  |TAMS 0x0000000081200000, 0x0000000081200000| Untracked 
|   1|0x0000000081300000, 0x0000000081400000, 0x0000000081400000|100%| O|  |TAMS 0x0000000081300000, 0x0000000081300000| Untracked 
|   2|0x0000000081400000, 0x0000000081500000, 0x0000000081500000|100%| O|  |TAMS 0x0000000081400000, 0x0000000081400000| Untracked 
|   3|0x0000000081500000, 0x00000000815cfa00, 0x0000000081600000| 81%| O|  |TAMS 0x0000000081500000, 0x0000000081500000| Untracked 
|   4|0x0000000081600000, 0x0000000081700000, 0x0000000081700000|100%|HS|  |TAMS 0x0000000081600000, 0x0000000081600000| Complete 
|   5|0x0000000081700000, 0x0000000081800000, 0x0000000081800000|100%|HC|  |TAMS 0x0000000081700000, 0x0000000081700000| Complete 
|   6|0x0000000081800000, 0x0000000081900000, 0x0000000081900000|100%|HC|  |TAMS 0x0000000081800000, 0x0000000081800000| Complete 
|   7|0x0000000081900000, 0x0000000081a00000, 0x0000000081a00000|100%|HS|  |TAMS 0x0000000081900000, 0x0000000081900000| Complete 
|   8|0x0000000081a00000, 0x0000000081b00000, 0x0000000081b00000|100%|HC|  |TAMS 0x0000000081a00000, 0x0000000081a00000| Complete 
|   9|0x0000000081b00000, 0x0000000081c00000, 0x0000000081c00000|100%|HC|  |TAMS 0x0000000081b00000, 0x0000000081b00000| Complete 
|  10|0x0000000081c00000, 0x0000000081d00000, 0x0000000081d00000|100%|HC|  |TAMS 0x0000000081c00000, 0x0000000081c00000| Complete 
|  11|0x0000000081d00000, 0x0000000081e00000, 0x0000000081e00000|100%|HC|  |TAMS 0x0000000081d00000, 0x0000000081d00000| Complete 
|  12|0x0000000081e00000, 0x0000000081f00000, 0x0000000081f00000|100%|HC|  |TAMS 0x0000000081e00000, 0x0000000081e00000| Complete 
|  13|0x0000000081f00000, 0x0000000082000000, 0x0000000082000000|100%|HC|  |TAMS 0x0000000081f00000, 0x0000000081f00000| Complete 
|  14|0x0000000082000000, 0x0000000082100000, 0x0000000082100000|100%|HC|  |TAMS 0x0000000082000000, 0x0000000082000000| Complete 
|  15|0x0000000082100000, 0x0000000082200000, 0x0000000082200000|100%|HC|  |TAMS 0x0000000082100000, 0x0000000082100000| Complete 
|  16|0x0000000082200000, 0x0000000082300000, 0x0000000082300000|100%|HS|  |TAMS 0x0000000082200000, 0x0000000082200000| Complete 
|  17|0x0000000082300000, 0x0000000082400000, 0x0000000082400000|100%|HC|  |TAMS 0x0000000082300000, 0x0000000082300000| Complete 
|  18|0x0000000082400000, 0x0000000082400000, 0x0000000082500000|  0%| F|  |TAMS 0x0000000082400000, 0x0000000082400000| Untracked 
|  19|0x0000000082500000, 0x0000000082500000, 0x0000000082600000|  0%| F|  |TAMS 0x0000000082500000, 0x0000000082500000| Untracked 
|  20|0x0000000082600000, 0x0000000082600000, 0x0000000082700000|  0%| F|  |TAMS 0x0000000082600000, 0x0000000082600000| Untracked 
|  21|0x0000000082700000, 0x0000000082700000, 0x0000000082800000|  0%| F|  |TAMS 0x0000000082700000, 0x0000000082700000| Untracked 
|  22|0x0000000082800000, 0x0000000082800000, 0x0000000082900000|  0%| F|  |TAMS 0x0000000082800000, 0x0000000082800000| Untracked 
|  23|0x0000000082900000, 0x0000000082900000, 0x0000000082a00000|  0%| F|  |TAMS 0x0000000082900000, 0x0000000082900000| Untracked 
|  24|0x0000000082a00000, 0x0000000082a00000, 0x0000000082b00000|  0%| F|  |TAMS 0x0000000082a00000, 0x0000000082a00000| Untracked 
|  25|0x0000000082b00000, 0x0000000082b00000, 0x0000000082c00000|  0%| F|  |TAMS 0x0000000082b00000, 0x0000000082b00000| Untracked 
|  26|0x0000000082c00000, 0x0000000082c00000, 0x0000000082d00000|  0%| F|  |TAMS 0x0000000082c00000, 0x0000000082c00000| Untracked 
|  27|0x0000000082d00000, 0x0000000082d00000, 0x0000000082e00000|  0%| F|  |TAMS 0x0000000082d00000, 0x0000000082d00000| Untracked 
|  28|0x0000000082e00000, 0x0000000082e00000, 0x0000000082f00000|  0%| F|  |TAMS 0x0000000082e00000, 0x0000000082e00000| Untracked 
|  29|0x0000000082f00000, 0x0000000082f00000, 0x0000000083000000|  0%| F|  |TAMS 0x0000000082f00000, 0x0000000082f00000| Untracked 
|  30|0x0000000083000000, 0x0000000083000000, 0x0000000083100000|  0%| F|  |TAMS 0x0000000083000000, 0x0000000083000000| Untracked 
|  31|0x0000000083100000, 0x0000000083100000, 0x0000000083200000|  0%| F|  |TAMS 0x0000000083100000, 0x0000000083100000| Untracked 
|  32|0x0000000083200000, 0x0000000083200000, 0x0000000083300000|  0%| F|  |TAMS 0x0000000083200000, 0x0000000083200000| Untracked 
|  33|0x0000000083300000, 0x0000000083300000, 0x0000000083400000|  0%| F|  |TAMS 0x0000000083300000, 0x0000000083300000| Untracked 
|  34|0x0000000083400000, 0x0000000083400000, 0x0000000083500000|  0%| F|  |TAMS 0x0000000083400000, 0x0000000083400000| Untracked 
|  35|0x0000000083500000, 0x0000000083500000, 0x0000000083600000|  0%| F|  |TAMS 0x0000000083500000, 0x0000000083500000| Untracked 
|  36|0x0000000083600000, 0x0000000083600000, 0x0000000083700000|  0%| F|  |TAMS 0x0000000083600000, 0x0000000083600000| Untracked 
|  37|0x0000000083700000, 0x0000000083700000, 0x0000000083800000|  0%| F|  |TAMS 0x0000000083700000, 0x0000000083700000| Untracked 
|  38|0x0000000083800000, 0x0000000083800000, 0x0000000083900000|  0%| F|  |TAMS 0x0000000083800000, 0x0000000083800000| Untracked 
|  39|0x0000000083900000, 0x0000000083900000, 0x0000000083a00000|  0%| F|  |TAMS 0x0000000083900000, 0x0000000083900000| Untracked 
|  40|0x0000000083a00000, 0x0000000083a00000, 0x0000000083b00000|  0%| F|  |TAMS 0x0000000083a00000, 0x0000000083a00000| Untracked 
|  41|0x0000000083b00000, 0x0000000083b00000, 0x0000000083c00000|  0%| F|  |TAMS 0x0000000083b00000, 0x0000000083b00000| Untracked 
|  42|0x0000000083c00000, 0x0000000083c00000, 0x0000000083d00000|  0%| F|  |TAMS 0x0000000083c00000, 0x0000000083c00000| Untracked 
|  43|0x0000000083d00000, 0x0000000083d00000, 0x0000000083e00000|  0%| F|  |TAMS 0x0000000083d00000, 0x0000000083d00000| Untracked 
|  44|0x0000000083e00000, 0x0000000083e00000, 0x0000000083f00000|  0%| F|  |TAMS 0x0000000083e00000, 0x0000000083e00000| Untracked 
|  45|0x0000000083f00000, 0x0000000083f00000, 0x0000000084000000|  0%| F|  |TAMS 0x0000000083f00000, 0x0000000083f00000| Untracked 
|  46|0x0000000084000000, 0x0000000084000000, 0x0000000084100000|  0%| F|  |TAMS 0x0000000084000000, 0x0000000084000000| Untracked 
|  47|0x0000000084100000, 0x0000000084100000, 0x0000000084200000|  0%| F|  |TAMS 0x0000000084100000, 0x0000000084100000| Untracked 
|  48|0x0000000084200000, 0x0000000084200000, 0x0000000084300000|  0%| F|  |TAMS 0x0000000084200000, 0x0000000084200000| Untracked 
|  49|0x0000000084300000, 0x0000000084300000, 0x0000000084400000|  0%| F|  |TAMS 0x0000000084300000, 0x0000000084300000| Untracked 
|  50|0x0000000084400000, 0x0000000084400000, 0x0000000084500000|  0%| F|  |TAMS 0x0000000084400000, 0x0000000084400000| Untracked 
|  51|0x0000000084500000, 0x0000000084500000, 0x0000000084600000|  0%| F|  |TAMS 0x0000000084500000, 0x0000000084500000| Untracked 
|  52|0x0000000084600000, 0x0000000084600000, 0x0000000084700000|  0%| F|  |TAMS 0x0000000084600000, 0x0000000084600000| Untracked 
|  53|0x0000000084700000, 0x0000000084700000, 0x0000000084800000|  0%| F|  |TAMS 0x0000000084700000, 0x0000000084700000| Untracked 
|  54|0x0000000084800000, 0x0000000084800000, 0x0000000084900000|  0%| F|  |TAMS 0x0000000084800000, 0x0000000084800000| Untracked 
|  55|0x0000000084900000, 0x0000000084900000, 0x0000000084a00000|  0%| F|  |TAMS 0x0000000084900000, 0x0000000084900000| Untracked 
|  56|0x0000000084a00000, 0x0000000084a00000, 0x0000000084b00000|  0%| F|  |TAMS 0x0000000084a00000, 0x0000000084a00000| Untracked 
|  57|0x0000000084b00000, 0x0000000084b00000, 0x0000000084c00000|  0%| F|  |TAMS 0x0000000084b00000, 0x0000000084b00000| Untracked 
|  58|0x0000000084c00000, 0x0000000084c00000, 0x0000000084d00000|  0%| F|  |TAMS 0x0000000084c00000, 0x0000000084c00000| Untracked 
|  59|0x0000000084d00000, 0x0000000084d00000, 0x0000000084e00000|  0%| F|  |TAMS 0x0000000084d00000, 0x0000000084d00000| Untracked 
|  60|0x0000000084e00000, 0x0000000084e00000, 0x0000000084f00000|  0%| F|  |TAMS 0x0000000084e00000, 0x0000000084e00000| Untracked 
|  61|0x0000000084f00000, 0x0000000084f00000, 0x0000000085000000|  0%| F|  |TAMS 0x0000000084f00000, 0x0000000084f00000| Untracked 
|  62|0x0000000085000000, 0x0000000085000000, 0x0000000085100000|  0%| F|  |TAMS 0x0000000085000000, 0x0000000085000000| Untracked 
|  63|0x0000000085100000, 0x0000000085100000, 0x0000000085200000|  0%| F|  |TAMS 0x0000000085100000, 0x0000000085100000| Untracked 
|  64|0x0000000085200000, 0x0000000085200000, 0x0000000085300000|  0%| F|  |TAMS 0x0000000085200000, 0x0000000085200000| Untracked 
|  65|0x0000000085300000, 0x0000000085300000, 0x0000000085400000|  0%| F|  |TAMS 0x0000000085300000, 0x0000000085300000| Untracked 
|  66|0x0000000085400000, 0x0000000085400000, 0x0000000085500000|  0%| F|  |TAMS 0x0000000085400000, 0x0000000085400000| Untracked 
|  67|0x0000000085500000, 0x0000000085500000, 0x0000000085600000|  0%| F|  |TAMS 0x0000000085500000, 0x0000000085500000| Untracked 
|  68|0x0000000085600000, 0x0000000085600000, 0x0000000085700000|  0%| F|  |TAMS 0x0000000085600000, 0x0000000085600000| Untracked 
|  69|0x0000000085700000, 0x0000000085700000, 0x0000000085800000|  0%| F|  |TAMS 0x0000000085700000, 0x0000000085700000| Untracked 
|  70|0x0000000085800000, 0x0000000085800000, 0x0000000085900000|  0%| F|  |TAMS 0x0000000085800000, 0x0000000085800000| Untracked 
|  71|0x0000000085900000, 0x0000000085900000, 0x0000000085a00000|  0%| F|  |TAMS 0x0000000085900000, 0x0000000085900000| Untracked 
|  72|0x0000000085a00000, 0x0000000085a00000, 0x0000000085b00000|  0%| F|  |TAMS 0x0000000085a00000, 0x0000000085a00000| Untracked 
|  73|0x0000000085b00000, 0x0000000085b00000, 0x0000000085c00000|  0%| F|  |TAMS 0x0000000085b00000, 0x0000000085b00000| Untracked 
|  74|0x0000000085c00000, 0x0000000085c00000, 0x0000000085d00000|  0%| F|  |TAMS 0x0000000085c00000, 0x0000000085c00000| Untracked 
|  75|0x0000000085d00000, 0x0000000085d00000, 0x0000000085e00000|  0%| F|  |TAMS 0x0000000085d00000, 0x0000000085d00000| Untracked 
|  76|0x0000000085e00000, 0x0000000085e00000, 0x0000000085f00000|  0%| F|  |TAMS 0x0000000085e00000, 0x0000000085e00000| Untracked 
|  77|0x0000000085f00000, 0x0000000085f00000, 0x0000000086000000|  0%| F|  |TAMS 0x0000000085f00000, 0x0000000085f00000| Untracked 
|  78|0x0000000086000000, 0x0000000086000000, 0x0000000086100000|  0%| F|  |TAMS 0x0000000086000000, 0x0000000086000000| Untracked 
|  79|0x0000000086100000, 0x0000000086100000, 0x0000000086200000|  0%| F|  |TAMS 0x0000000086100000, 0x0000000086100000| Untracked 
|  80|0x0000000086200000, 0x0000000086200000, 0x0000000086300000|  0%| F|  |TAMS 0x0000000086200000, 0x0000000086200000| Untracked 
|  81|0x0000000086300000, 0x0000000086300000, 0x0000000086400000|  0%| F|  |TAMS 0x0000000086300000, 0x0000000086300000| Untracked 
|  82|0x0000000086400000, 0x0000000086400000, 0x0000000086500000|  0%| F|  |TAMS 0x0000000086400000, 0x0000000086400000| Untracked 
|  83|0x0000000086500000, 0x0000000086500000, 0x0000000086600000|  0%| F|  |TAMS 0x0000000086500000, 0x0000000086500000| Untracked 
|  84|0x0000000086600000, 0x0000000086600000, 0x0000000086700000|  0%| F|  |TAMS 0x0000000086600000, 0x0000000086600000| Untracked 
|  85|0x0000000086700000, 0x0000000086700000, 0x0000000086800000|  0%| F|  |TAMS 0x0000000086700000, 0x0000000086700000| Untracked 
|  86|0x0000000086800000, 0x0000000086800000, 0x0000000086900000|  0%| F|  |TAMS 0x0000000086800000, 0x0000000086800000| Untracked 
|  87|0x0000000086900000, 0x0000000086900000, 0x0000000086a00000|  0%| F|  |TAMS 0x0000000086900000, 0x0000000086900000| Untracked 
|  88|0x0000000086a00000, 0x0000000086b00000, 0x0000000086b00000|100%| E|  |TAMS 0x0000000086a00000, 0x0000000086a00000| Complete 
|  89|0x0000000086b00000, 0x0000000086c00000, 0x0000000086c00000|100%| E|CS|TAMS 0x0000000086b00000, 0x0000000086b00000| Complete 
|  90|0x0000000086c00000, 0x0000000086d00000, 0x0000000086d00000|100%| E|CS|TAMS 0x0000000086c00000, 0x0000000086c00000| Complete 
|  91|0x0000000086d00000, 0x0000000086e00000, 0x0000000086e00000|100%| E|CS|TAMS 0x0000000086d00000, 0x0000000086d00000| Complete 
|  92|0x0000000086e00000, 0x0000000086f00000, 0x0000000086f00000|100%| E|CS|TAMS 0x0000000086e00000, 0x0000000086e00000| Complete 
|  93|0x0000000086f00000, 0x0000000087000000, 0x0000000087000000|100%| E|CS|TAMS 0x0000000086f00000, 0x0000000086f00000| Complete 
|  94|0x0000000087000000, 0x0000000087100000, 0x0000000087100000|100%| E|CS|TAMS 0x0000000087000000, 0x0000000087000000| Complete 
|  95|0x0000000087100000, 0x0000000087200000, 0x0000000087200000|100%| E|CS|TAMS 0x0000000087100000, 0x0000000087100000| Complete 
|  96|0x0000000087200000, 0x0000000087300000, 0x0000000087300000|100%| E|CS|TAMS 0x0000000087200000, 0x0000000087200000| Complete 
|  97|0x0000000087300000, 0x0000000087400000, 0x0000000087400000|100%| E|CS|TAMS 0x0000000087300000, 0x0000000087300000| Complete 
|  98|0x0000000087400000, 0x0000000087500000, 0x0000000087500000|100%| E|CS|TAMS 0x0000000087400000, 0x0000000087400000| Complete 
|  99|0x0000000087500000, 0x0000000087600000, 0x0000000087600000|100%| E|CS|TAMS 0x0000000087500000, 0x0000000087500000| Complete 
| 100|0x0000000087600000, 0x0000000087700000, 0x0000000087700000|100%| E|CS|TAMS 0x0000000087600000, 0x0000000087600000| Complete 
| 101|0x0000000087700000, 0x0000000087800000, 0x0000000087800000|100%| E|CS|TAMS 0x0000000087700000, 0x0000000087700000| Complete 
| 102|0x0000000087800000, 0x0000000087900000, 0x0000000087900000|100%| E|CS|TAMS 0x0000000087800000, 0x0000000087800000| Complete 
| 103|0x0000000087900000, 0x0000000087a00000, 0x0000000087a00000|100%| E|CS|TAMS 0x0000000087900000, 0x0000000087900000| Complete 
| 104|0x0000000087a00000, 0x0000000087b00000, 0x0000000087b00000|100%| E|CS|TAMS 0x0000000087a00000, 0x0000000087a00000| Complete 
| 105|0x0000000087b00000, 0x0000000087c00000, 0x0000000087c00000|100%| E|CS|TAMS 0x0000000087b00000, 0x0000000087b00000| Complete 
| 106|0x0000000087c00000, 0x0000000087d00000, 0x0000000087d00000|100%| E|CS|TAMS 0x0000000087c00000, 0x0000000087c00000| Complete 
| 107|0x0000000087d00000, 0x0000000087d5cce0, 0x0000000087e00000| 36%| S|CS|TAMS 0x0000000087d00000, 0x0000000087d00000| Complete 
| 108|0x0000000087e00000, 0x0000000087f00000, 0x0000000087f00000|100%| S|CS|TAMS 0x0000000087e00000, 0x0000000087e00000| Complete 
| 109|0x0000000087f00000, 0x0000000088000000, 0x0000000088000000|100%| S|CS|TAMS 0x0000000087f00000, 0x0000000087f00000| Complete 
| 110|0x0000000088000000, 0x0000000088100000, 0x0000000088100000|100%| E|CS|TAMS 0x0000000088000000, 0x0000000088000000| Complete 
| 111|0x0000000088100000, 0x0000000088200000, 0x0000000088200000|100%| E|CS|TAMS 0x0000000088100000, 0x0000000088100000| Complete 
| 112|0x0000000088200000, 0x0000000088300000, 0x0000000088300000|100%| E|CS|TAMS 0x0000000088200000, 0x0000000088200000| Complete 
| 113|0x0000000088300000, 0x0000000088400000, 0x0000000088400000|100%| E|CS|TAMS 0x0000000088300000, 0x0000000088300000| Complete 
| 114|0x0000000088400000, 0x0000000088500000, 0x0000000088500000|100%| E|CS|TAMS 0x0000000088400000, 0x0000000088400000| Complete 
| 115|0x0000000088500000, 0x0000000088600000, 0x0000000088600000|100%| E|CS|TAMS 0x0000000088500000, 0x0000000088500000| Complete 
| 116|0x0000000088600000, 0x0000000088700000, 0x0000000088700000|100%| E|CS|TAMS 0x0000000088600000, 0x0000000088600000| Complete 
| 117|0x0000000088700000, 0x0000000088800000, 0x0000000088800000|100%| E|CS|TAMS 0x0000000088700000, 0x0000000088700000| Complete 
| 118|0x0000000088800000, 0x0000000088900000, 0x0000000088900000|100%| E|CS|TAMS 0x0000000088800000, 0x0000000088800000| Complete 
| 119|0x0000000088900000, 0x0000000088a00000, 0x0000000088a00000|100%| E|CS|TAMS 0x0000000088900000, 0x0000000088900000| Complete 
| 120|0x0000000088a00000, 0x0000000088b00000, 0x0000000088b00000|100%| E|CS|TAMS 0x0000000088a00000, 0x0000000088a00000| Complete 
| 121|0x0000000088b00000, 0x0000000088c00000, 0x0000000088c00000|100%| E|CS|TAMS 0x0000000088b00000, 0x0000000088b00000| Complete 
| 122|0x0000000088c00000, 0x0000000088d00000, 0x0000000088d00000|100%| E|CS|TAMS 0x0000000088c00000, 0x0000000088c00000| Complete 
| 123|0x0000000088d00000, 0x0000000088e00000, 0x0000000088e00000|100%| E|CS|TAMS 0x0000000088d00000, 0x0000000088d00000| Complete 
| 124|0x0000000088e00000, 0x0000000088f00000, 0x0000000088f00000|100%| E|CS|TAMS 0x0000000088e00000, 0x0000000088e00000| Complete 
| 125|0x0000000088f00000, 0x0000000089000000, 0x0000000089000000|100%| E|CS|TAMS 0x0000000088f00000, 0x0000000088f00000| Complete 
| 126|0x0000000089000000, 0x0000000089100000, 0x0000000089100000|100%| E|CS|TAMS 0x0000000089000000, 0x0000000089000000| Complete 
| 127|0x0000000089100000, 0x0000000089200000, 0x0000000089200000|100%| E|CS|TAMS 0x0000000089100000, 0x0000000089100000| Complete 

Card table byte_map: [0x0000000019790000,0x0000000019b90000] _byte_map_base: 0x0000000019387000

Marking Bits (Prev, Next): (CMBitMap*) 0x0000000000509d30, (CMBitMap*) 0x0000000000509d70
 Prev Bits: [0x0000000019f90000, 0x000000001bf48000)
 Next Bits: [0x000000001bf50000, 0x000000001df08000)

Polling page: 0x0000000000130000

Metaspace:

Usage:
  Non-class:     15.24 MB used.
      Class:      2.33 MB used.
       Both:     17.57 MB used.

Virtual space:
  Non-class space:       16.00 MB reserved,      15.38 MB ( 96%) committed,  2 nodes.
      Class space:        1.00 GB reserved,       2.50 MB ( <1%) committed,  1 nodes.
              Both:        1.02 GB reserved,      17.88 MB (  2%) committed. 

Chunk freelists:
   Non-Class:  0 bytes
       Class:  1.48 MB
        Both:  1.48 MB

MaxMetaspaceSize: 17179869184.00 GB
CompressedClassSpaceSize: 1.00 GB
 - commit_granule_bytes: 65536.
 - commit_granule_words: 8192.
 - virtual_space_node_default_size: 1048576.
 - enlarge_chunks_in_place: 1.
 - new_chunks_are_fully_committed: 0.
 - uncommit_free_chunks: 1.
 - use_allocation_guard: 0.
 - handle_deallocations: 1.


Internal statistics:

num_allocs_failed_limit: 0.
num_arena_births: 250.
num_arena_deaths: 0.
num_vsnodes_births: 3.
num_vsnodes_deaths: 0.
num_space_committed: 286.
num_space_uncommitted: 0.
num_chunks_returned_to_freelist: 0.
num_chunks_taken_from_freelist: 864.
num_chunk_merges: 0.
num_chunk_splits: 586.
num_chunks_enlarged: 443.
num_purges: 0.

CodeHeap 'non-profiled nmethods': size=120000Kb used=1017Kb max_used=1017Kb free=118983Kb
 bounds [0x0000000011840000, 0x0000000011ab0000, 0x0000000018d70000]
CodeHeap 'profiled nmethods': size=120000Kb used=5213Kb max_used=5213Kb free=114786Kb
 bounds [0x000000000a310000, 0x000000000a830000, 0x0000000011840000]
CodeHeap 'non-nmethods': size=5760Kb used=1481Kb max_used=1508Kb free=4278Kb
 bounds [0x0000000009d70000, 0x0000000009fe0000, 0x000000000a310000]
 total_blobs=3635 nmethods=2787 adapters=759
 compilation: enabled
              stopped_count=0, restarted_count=0
 full_count=0

Compilation events (20 events):
Event: 10.876 Thread 0x0000000020c10080 nmethod 2762 0x000000001193b790 code [0x000000001193b920, 0x000000001193b9f8]
Event: 10.876 Thread 0x0000000020c10080 2770       3       com.sun.javafx.font.LogicalFont::getSlot0Resource (80 bytes)
Event: 10.876 Thread 0x0000000020c10080 nmethod 2770 0x000000000a81a790 code [0x000000000a81a980, 0x000000000a81af18]
Event: 10.876 Thread 0x0000000020c10080 2771       3       java.lang.StringLatin1::toChars (16 bytes)
Event: 10.876 Thread 0x0000000020c10080 nmethod 2771 0x000000000a81b090 code [0x000000000a81b240, 0x000000000a81b428]
Event: 10.876 Thread 0x0000000020c10080 2772       3       javafx.scene.layout.Region::snapSizeY (10 bytes)
Event: 10.877 Thread 0x0000000020c10080 nmethod 2772 0x000000000a81b510 code [0x000000000a81b780, 0x000000000a81c198]
Event: 10.877 Thread 0x0000000020c10080 2774       3       java.lang.Double::valueOf (9 bytes)
Event: 10.877 Thread 0x0000000020c10080 nmethod 2774 0x000000000a81c510 code [0x000000000a81c6c0, 0x000000000a81c938]
Event: 10.877 Thread 0x0000000020c10080 2775       3       javafx.scene.Node::layoutBoundsChanged (47 bytes)
Event: 10.878 Thread 0x0000000020c10080 nmethod 2775 0x000000000a81ca90 code [0x000000000a81ccc0, 0x000000000a81d468]
Event: 10.878 Thread 0x0000000020c10080 2777       1       javafx.geometry.Bounds::getWidth (5 bytes)
Event: 10.878 Thread 0x0000000020c10080 nmethod 2777 0x000000001193ba90 code [0x000000001193bc20, 0x000000001193bcf8]
Event: 10.878 Thread 0x0000000020c10080 2778       3       javafx.scene.text.Text::getTextLayout (190 bytes)
Event: 10.881 Thread 0x0000000020c10080 nmethod 2778 0x000000000a81d710 code [0x000000000a81dbe0, 0x000000000a8206c8]
Event: 10.881 Thread 0x0000000020c10080 2780       3       jdk.internal.misc.Unsafe::getIntUnaligned (83 bytes)
Event: 10.882 Thread 0x0000000020c10080 nmethod 2780 0x000000000a821310 code [0x000000000a821500, 0x000000000a8219c8]
Event: 10.882 Thread 0x0000000020c10080 2779       3       javafx.beans.property.DoublePropertyBase::fireValueChangedEvent (8 bytes)
Event: 10.882 Thread 0x0000000020c10080 nmethod 2779 0x000000000a821b10 code [0x000000000a821cc0, 0x000000000a821f28]
Event: 10.882 Thread 0x0000000020c10080 2783       3       com.sun.javafx.geom.transform.GeneralTransform3D::updateState (196 bytes)

GC Heap History (4 events):
Event: 0.416 GC heap before
{Heap before GC invocations=0 (full 0):
 garbage-first heap   total 131072K, used 12288K [0x0000000081200000, 0x0000000100000000)
  region size 1024K, 13 young (13312K), 0 survivors (0K)
 Metaspace       used 2060K, committed 2240K, reserved 1056768K
  class space    used 206K, committed 320K, reserved 1048576K
}
Event: 0.419 GC heap after
{Heap after GC invocations=1 (full 0):
 garbage-first heap   total 131072K, used 3738K [0x0000000081200000, 0x0000000100000000)
  region size 1024K, 2 young (2048K), 2 survivors (2048K)
 Metaspace       used 2060K, committed 2240K, reserved 1056768K
  class space    used 206K, committed 320K, reserved 1048576K
}
Event: 0.709 GC heap before
{Heap before GC invocations=1 (full 0):
 garbage-first heap   total 131072K, used 19098K [0x0000000081200000, 0x0000000100000000)
  region size 1024K, 18 young (18432K), 2 survivors (2048K)
 Metaspace       used 7262K, committed 7424K, reserved 1064960K
  class space    used 926K, committed 1024K, reserved 1048576K
}
Event: 0.716 GC heap after
{Heap after GC invocations=2 (full 0):
 garbage-first heap   total 131072K, used 6321K [0x0000000081200000, 0x0000000100000000)
  region size 1024K, 3 young (3072K), 3 survivors (3072K)
 Metaspace       used 7262K, committed 7424K, reserved 1064960K
  class space    used 926K, committed 1024K, reserved 1048576K
}

Deoptimization events (20 events):
Event: 10.666 Thread 0x00000000230463a0 DEOPT PACKING pc=0x0000000011926d0c sp=0x000000002435bff0
Event: 10.666 Thread 0x00000000230463a0 DEOPT UNPACKING pc=0x0000000009dbd72e sp=0x000000002435bf90 mode 2
Event: 10.675 Thread 0x00000000230463a0 Uncommon trap: trap_request=0xffffffc6 fr.pc=0x0000000011926d0c relative=0x0000000000000dcc
Event: 10.675 Thread 0x00000000230463a0 Uncommon trap: reason=bimorphic_or_optimized_type_check action=maybe_recompile pc=0x0000000011926d0c method=java.util.HashMap.putVal(ILjava/lang/Object;Ljava/lang/Object;ZZ)Ljava/lang/Object; @ 91 c2
Event: 10.675 Thread 0x00000000230463a0 DEOPT PACKING pc=0x0000000011926d0c sp=0x000000002435bff0
Event: 10.675 Thread 0x00000000230463a0 DEOPT UNPACKING pc=0x0000000009dbd72e sp=0x000000002435bf90 mode 2
Event: 10.681 Thread 0x00000000230463a0 Uncommon trap: trap_request=0xffffffc6 fr.pc=0x0000000011926d0c relative=0x0000000000000dcc
Event: 10.681 Thread 0x00000000230463a0 Uncommon trap: reason=bimorphic_or_optimized_type_check action=maybe_recompile pc=0x0000000011926d0c method=java.util.HashMap.putVal(ILjava/lang/Object;Ljava/lang/Object;ZZ)Ljava/lang/Object; @ 91 c2
Event: 10.681 Thread 0x00000000230463a0 DEOPT PACKING pc=0x0000000011926d0c sp=0x000000002435bff0
Event: 10.681 Thread 0x00000000230463a0 DEOPT UNPACKING pc=0x0000000009dbd72e sp=0x000000002435bf90 mode 2
Event: 10.682 Thread 0x00000000230463a0 Uncommon trap: trap_request=0xffffffc6 fr.pc=0x0000000011926d0c relative=0x0000000000000dcc
Event: 10.682 Thread 0x00000000230463a0 Uncommon trap: reason=bimorphic_or_optimized_type_check action=maybe_recompile pc=0x0000000011926d0c method=java.util.HashMap.putVal(ILjava/lang/Object;Ljava/lang/Object;ZZ)Ljava/lang/Object; @ 91 c2
Event: 10.682 Thread 0x00000000230463a0 DEOPT PACKING pc=0x0000000011926d0c sp=0x000000002435bff0
Event: 10.682 Thread 0x00000000230463a0 DEOPT UNPACKING pc=0x0000000009dbd72e sp=0x000000002435bf90 mode 2
Event: 10.693 Thread 0x00000000230463a0 Uncommon trap: trap_request=0xffffffc6 fr.pc=0x0000000011894dd4 relative=0x00000000000008f4
Event: 10.693 Thread 0x00000000230463a0 Uncommon trap: reason=bimorphic_or_optimized_type_check action=maybe_recompile pc=0x0000000011894dd4 method=java.io.DataInputStream.readFully([BII)V @ 30 c2
Event: 10.702 Thread 0x00000000230463a0 DEOPT PACKING pc=0x0000000011894dd4 sp=0x000000002435baf0
Event: 10.702 Thread 0x00000000230463a0 DEOPT UNPACKING pc=0x0000000009dbd72e sp=0x000000002435bac8 mode 2
Event: 10.819 Thread 0x00000000230463a0 DEOPT PACKING pc=0x000000000a757dd6 sp=0x000000002435b6e0
Event: 10.819 Thread 0x00000000230463a0 DEOPT UNPACKING pc=0x0000000009dbdece sp=0x000000002435ab68 mode 0

Classes unloaded (0 events):
No events

Classes redefined (0 events):
No events

Internal exceptions (20 events):
Event: 0.604 Thread 0x00000000230463a0 Exception <a 'java/lang/NoSuchMethodError'{0x00000000888923b0}: 'void java.lang.invoke.DirectMethodHandle$Holder.invokeSpecial(java.lang.Object, java.lang.Object, java.lang.Object, java.lang.Object, java.lang.Object)'> (0x00000000888923b0) 
thrown [t:\workspace\open\src\hotspot\share\interpreter\linkResolver.cpp, line 790]
Event: 0.761 Thread 0x00000000230463a0 Exception <a 'java/lang/NoSuchMethodError'{0x0000000088f14228}: 'void java.lang.invoke.DirectMethodHandle$Holder.invokeStaticInit(java.lang.Object, java.lang.Object)'> (0x0000000088f14228) 
thrown [t:\workspace\open\src\hotspot\share\interpreter\linkResolver.cpp, line 790]
Event: 1.116 Thread 0x00000000230463a0 Exception <a 'java/io/FileNotFoundException'{0x0000000088ad36f8}> (0x0000000088ad36f8) 
thrown [t:\workspace\open\src\hotspot\share\prims\jni.cpp, line 579]
Event: 1.199 Thread 0x00000000230463a0 Implicit null exception at 0x0000000011891daa to 0x0000000011892358
Event: 1.199 Thread 0x00000000230463a0 Implicit null exception at 0x000000001188c9d8 to 0x000000001188ca6e
Event: 1.335 Thread 0x00000000230463a0 Exception <a 'java/lang/ClassNotFoundException'{0x000000008833cc68}: com/sun/javafx/scene/control/skin/resources/controls> (0x000000008833cc68) 
thrown [t:\workspace\open\src\hotspot\share\prims\jni.cpp, line 600]
Event: 1.336 Thread 0x00000000230463a0 Exception <a 'java/lang/ClassNotFoundException'{0x000000008834a768}: com/sun/javafx/scene/control/skin/resources/controls_fr> (0x000000008834a768) 
thrown [t:\workspace\open\src\hotspot\share\prims\jni.cpp, line 600]
Event: 1.338 Thread 0x00000000230463a0 Exception <a 'java/lang/ClassNotFoundException'{0x0000000088357ff8}: com/sun/javafx/scene/control/skin/resources/controls_fr_FR> (0x0000000088357ff8) 
thrown [t:\workspace\open\src\hotspot\share\prims\jni.cpp, line 600]
Event: 1.382 Thread 0x00000000230463a0 Exception <a 'java/lang/NoSuchMethodError'{0x0000000088119928}: 'void java.lang.invoke.DirectMethodHandle$Holder.invokeSpecial(java.lang.Object, java.lang.Object, java.lang.Object, java.lang.Object, java.lang.Object, java.lang.Object)'> (0x0000000088119928) 
thrown [t:\workspace\open\src\hotspot\share\interpreter\linkResolver.cpp, line 790]
Event: 1.418 Thread 0x00000000230463a0 Exception <a 'java/lang/NoSuchMethodError'{0x0000000087b1f970}: 'java.lang.Object java.lang.invoke.DirectMethodHandle$Holder.invokeInterface(java.lang.Object, java.lang.Object, java.lang.Object)'> (0x0000000087b1f970) 
thrown [t:\workspace\open\src\hotspot\share\interpreter\linkResolver.cpp, line 790]
Event: 1.418 Thread 0x00000000230463a0 Exception <a 'java/lang/IncompatibleClassChangeError'{0x0000000087b234f0}: Found class java.lang.Object, but interface was expected> (0x0000000087b234f0) 
thrown [t:\workspace\open\src\hotspot\share\interpreter\linkResolver.cpp, line 857]
Event: 1.487 Thread 0x00000000230463a0 Exception <a 'java/lang/NoSuchMethodError'{0x0000000087919748}: 'java.lang.Object java.lang.invoke.DirectMethodHandle$Holder.newInvokeSpecial(java.lang.Object, java.lang.Object, int)'> (0x0000000087919748) 
thrown [t:\workspace\open\src\hotspot\share\interpreter\linkResolver.cpp, line 790]
Event: 1.508 Thread 0x0000000022c26450 Exception <a 'java/lang/NoSuchMethodError'{0x0000000087819208}: 'int java.lang.invoke.DirectMethodHandle$Holder.invokeStaticInit(java.lang.Object, java.lang.Object)'> (0x0000000087819208) 
thrown [t:\workspace\open\src\hotspot\share\interpreter\linkResolver.cpp, line 790]
Event: 1.535 Thread 0x00000000230463a0 Exception <a 'java/lang/NoSuchMethodError'{0x0000000087713368}: 'long java.lang.invoke.DirectMethodHandle$Holder.invokeStatic(java.lang.Object, java.lang.Object, java.lang.Object)'> (0x0000000087713368) 
thrown [t:\workspace\open\src\hotspot\share\interpreter\linkResolver.cpp, line 790]
Event: 1.536 Thread 0x00000000230463a0 Exception <a 'java/lang/NoSuchMethodError'{0x0000000087716d18}: 'long java.lang.invoke.DirectMethodHandle$Holder.invokeStaticInit(java.lang.Object, java.lang.Object, java.lang.Object)'> (0x0000000087716d18) 
thrown [t:\workspace\open\src\hotspot\share\interpreter\linkResolver.cpp, line 790]
Event: 1.540 Thread 0x00000000230463a0 Exception <a 'java/lang/NoSuchMethodError'{0x000000008772ec38}: 'java.lang.Object java.lang.invoke.DirectMethodHandle$Holder.newInvokeSpecial(java.lang.Object, java.lang.Object, long)'> (0x000000008772ec38) 
thrown [t:\workspace\open\src\hotspot\share\interpreter\linkResolver.cpp, line 790]
Event: 1.541 Thread 0x00000000230463a0 Exception <a 'java/lang/NoSuchMethodError'{0x00000000877329a8}: 'java.lang.Object java.lang.invoke.Invokers$Holder.linkToTargetMethod(java.lang.Object, long, java.lang.Object)'> (0x00000000877329a8) 
thrown [t:\workspace\open\src\hotspot\share\interpreter\linkResolver.cpp, line 790]
Event: 9.425 Thread 0x00000000230463a0 Exception <a 'java/lang/NoSuchMethodError'{0x000000008725d7f8}: 'java.lang.Object java.lang.invoke.DirectMethodHandle$Holder.invokeInterface(java.lang.Object, java.lang.Object)'> (0x000000008725d7f8) 
thrown [t:\workspace\open\src\hotspot\share\interpreter\linkResolver.cpp, line 790]
Event: 10.646 Thread 0x00000000230463a0 Exception <a 'java/lang/NoSuchMethodError'{0x0000000086d73b80}: 'java.lang.Object java.lang.invoke.DirectMethodHandle$Holder.invokeSpecial(java.lang.Object, java.lang.Object, long, int, java.lang.Object, java.lang.Object, java.lang.Object, int, java.lang.Object, java.lang.Object)'> (0x0000000086d73b80) 
thrown [t:\workspace\open\src\hotspot\share\interpreter\linkResolver.cpp, line 790]
Event: 10.646 Thread 0x00000000230463a0 Exception <a 'java/lang/NoSuchMethodError'{0x0000000086d78888}: 'java.lang.Object java.lang.invoke.DelegatingMethodHandle$Holder.reinvoke_L(java.lang.Object, long, int, java.lang.Object, java.lang.Object, java.lang.Object, int, java.lang.Object, java.lang.Object)'> (0x0000000086d78888) 
thrown [t:\workspace\open\src\hotspot\share\interpreter\linkResolver.cpp, line 790]

Events (20 events):
Event: 9.953 loading class java/util/regex/PatternSyntaxException done
Event: 9.977 loading class java/io/StringReader
Event: 9.978 loading class java/io/StringReader done
Event: 10.368 loading class java/util/Collections$UnmodifiableMap$UnmodifiableEntrySet
Event: 10.368 loading class java/util/Collections$UnmodifiableMap$UnmodifiableEntrySet done
Event: 10.368 loading class java/util/Collections$UnmodifiableMap$UnmodifiableEntrySet$1
Event: 10.369 loading class java/util/Collections$UnmodifiableMap$UnmodifiableEntrySet$1 done
Event: 10.369 loading class java/util/Collections$UnmodifiableMap$UnmodifiableEntrySet$UnmodifiableEntry
Event: 10.369 loading class java/util/Collections$UnmodifiableMap$UnmodifiableEntrySet$UnmodifiableEntry done
Event: 10.581 Executing  VM operation: Cleanup
Event: 10.582 Executing  VM operation: Cleanup done
Event: 10.665 loading class java/lang/Byte$ByteCache
Event: 10.665 loading class java/lang/Byte$ByteCache done
Event: 10.665 loading class java/lang/Short$ShortCache
Event: 10.665 loading class java/lang/Short$ShortCache done
Event: 10.668 Executing  VM operation: HandshakeAllThreads
Event: 10.668 Executing  VM operation: HandshakeAllThreads done
Event: 10.681 loading class jdk/internal/reflect/BootstrapConstructorAccessorImpl
Event: 10.681 loading class jdk/internal/reflect/BootstrapConstructorAccessorImpl done
Event: 10.732 Thread 0x000000002383a780 Thread added: 0x000000002383a780


Dynamic libraries:
0x000000013f4f0000 - 0x000000013f500000 	C:\Program Files\Java\jdk-16\bin\java.exe
0x00000000770c0000 - 0x0000000077269000 	C:\Windows\SYSTEM32\ntdll.dll
0x0000000076fa0000 - 0x00000000770bf000 	C:\Windows\system32\kernel32.dll
0x000007fefd160000 - 0x000007fefd1cb000 	C:\Windows\system32\KERNELBASE.dll
0x000007fef2d80000 - 0x000007fef2d98000 	C:\Program Files\Java\jdk-16\bin\jli.dll
0x000007feff250000 - 0x000007feff32b000 	C:\Windows\system32\ADVAPI32.dll
0x000007feff330000 - 0x000007feff3cf000 	C:\Windows\system32\msvcrt.dll
0x000007fefee80000 - 0x000007fefee9f000 	C:\Windows\SYSTEM32\sechost.dll
0x000007fefd890000 - 0x000007fefd9bd000 	C:\Windows\system32\RPCRT4.dll
0x000007fefb6a0000 - 0x000007fefb894000 	C:\Windows\WinSxS\amd64_microsoft.windows.common-controls_6595b64144ccf1df_6.0.7601.17514_none_fa396087175ac9ac\COMCTL32.dll
0x000007fefed40000 - 0x000007fefeda7000 	C:\Windows\system32\GDI32.dll
0x0000000076ea0000 - 0x0000000076f9a000 	C:\Windows\system32\USER32.dll
0x000007fefefb0000 - 0x000007fefefbe000 	C:\Windows\system32\LPK.dll
0x000007fefd540000 - 0x000007fefd609000 	C:\Windows\system32\USP10.dll
0x000007fefee00000 - 0x000007fefee71000 	C:\Windows\system32\SHLWAPI.dll
0x000007fefc170000 - 0x000007fefc17c000 	C:\Windows\system32\VERSION.dll
0x000007fedaef0000 - 0x000007fedaf09000 	C:\Program Files\Java\jdk-16\bin\VCRUNTIME140.dll
0x000007fee3140000 - 0x000007fee3144000 	C:\Program Files\Java\jdk-16\bin\api-ms-win-crt-runtime-l1-1-0.dll
0x000007fec9bf0000 - 0x000007fec9cea000 	C:\Program Files\Java\jdk-16\bin\ucrtbase.DLL
0x000007fef4ba0000 - 0x000007fef4ba3000 	C:\Program Files\Java\jdk-16\bin\api-ms-win-core-localization-l1-2-0.dll
0x000007fefad50000 - 0x000007fefad53000 	C:\Program Files\Java\jdk-16\bin\api-ms-win-core-processthreads-l1-1-1.dll
0x000007fef2eb0000 - 0x000007fef2eb3000 	C:\Program Files\Java\jdk-16\bin\api-ms-win-core-file-l1-2-0.dll
0x000007fef2ea0000 - 0x000007fef2ea3000 	C:\Program Files\Java\jdk-16\bin\api-ms-win-core-timezone-l1-1-0.dll
0x000007fef2d60000 - 0x000007fef2d63000 	C:\Program Files\Java\jdk-16\bin\api-ms-win-core-file-l2-1-0.dll
0x000007fef2d70000 - 0x000007fef2d73000 	C:\Program Files\Java\jdk-16\bin\api-ms-win-core-synch-l1-2-0.dll
0x000007fee3130000 - 0x000007fee3133000 	C:\Program Files\Java\jdk-16\bin\api-ms-win-crt-heap-l1-1-0.dll
0x000007fee3120000 - 0x000007fee3124000 	C:\Program Files\Java\jdk-16\bin\api-ms-win-crt-string-l1-1-0.dll
0x000007fedaee0000 - 0x000007fedaee4000 	C:\Program Files\Java\jdk-16\bin\api-ms-win-crt-stdio-l1-1-0.dll
0x000007fedaed0000 - 0x000007fedaed4000 	C:\Program Files\Java\jdk-16\bin\api-ms-win-crt-convert-l1-1-0.dll
0x000007fedae90000 - 0x000007fedae93000 	C:\Program Files\Java\jdk-16\bin\api-ms-win-crt-environment-l1-1-0.dll
0x000007fedae80000 - 0x000007fedae83000 	C:\Program Files\Java\jdk-16\bin\api-ms-win-crt-filesystem-l1-1-0.dll
0x000007fedaeb0000 - 0x000007fedaeb5000 	C:\Program Files\Java\jdk-16\bin\api-ms-win-crt-math-l1-1-0.dll
0x000007feda9c0000 - 0x000007feda9c3000 	C:\Program Files\Java\jdk-16\bin\api-ms-win-crt-locale-l1-1-0.dll
0x000007fefd3e0000 - 0x000007fefd40e000 	C:\Windows\system32\IMM32.DLL
0x000007fefeea0000 - 0x000007fefefa9000 	C:\Windows\system32\MSCTF.dll
0x000007fedaec0000 - 0x000007fedaecc000 	C:\Program Files\Java\jdk-16\bin\vcruntime140_1.dll
0x000007fedaa40000 - 0x000007fedaad1000 	C:\Program Files\Java\jdk-16\bin\msvcp140.dll
0x000007fedae70000 - 0x000007fedae73000 	C:\Program Files\Java\jdk-16\bin\api-ms-win-crt-time-l1-1-0.dll
0x000007fedaea0000 - 0x000007fedaea3000 	C:\Program Files\Java\jdk-16\bin\api-ms-win-crt-utility-l1-1-0.dll
0x000007fed97b0000 - 0x000007feda35b000 	C:\Program Files\Java\jdk-16\bin\server\jvm.dll
0x000007fef7040000 - 0x000007fef7049000 	C:\Windows\system32\WSOCK32.dll
0x000007fefedb0000 - 0x000007fefedfd000 	C:\Windows\system32\WS2_32.dll
0x000007feff240000 - 0x000007feff248000 	C:\Windows\system32\NSI.dll
0x000007fefa720000 - 0x000007fefa75b000 	C:\Windows\system32\WINMM.dll
0x0000000077280000 - 0x0000000077287000 	C:\Windows\system32\PSAPI.DLL
0x000007fedadf0000 - 0x000007fedadfa000 	C:\Program Files\Java\jdk-16\bin\jimage.dll
0x000007fefbbe0000 - 0x000007fefbd05000 	C:\Windows\system32\DBGHELP.DLL
0x000007fedae00000 - 0x000007fedae25000 	C:\Program Files\Java\jdk-16\bin\java.dll
0x000007fefd9c0000 - 0x000007fefe748000 	C:\Windows\system32\SHELL32.dll
0x000007fefeb30000 - 0x000007fefed33000 	C:\Windows\system32\ole32.dll
0x000007fefd010000 - 0x000007fefd01f000 	C:\Windows\system32\profapi.dll
0x000007fedadd0000 - 0x000007fedade9000 	C:\Program Files\Java\jdk-16\bin\net.dll
0x000007fef7190000 - 0x000007fef7201000 	C:\Windows\system32\WINHTTP.dll
0x000007fef7120000 - 0x000007fef7184000 	C:\Windows\system32\webio.dll
0x000007fefc880000 - 0x000007fefc8d5000 	C:\Windows\system32\mswsock.dll
0x000007fefc870000 - 0x000007fefc877000 	C:\Windows\System32\wship6.dll
0x000007fedadb0000 - 0x000007fedadc3000 	C:\Program Files\Java\jdk-16\bin\nio.dll
0x000007fedad90000 - 0x000007fedada8000 	C:\Program Files\Java\jdk-16\bin\zip.dll
0x000007fef2a20000 - 0x000007fef2a23000 	C:\Program Files\Java\javafx-sdk-16\bin\api-ms-win-core-console-l1-1-0.dll
0x000007fef2a30000 - 0x000007fef2a33000 	C:\Program Files\Java\javafx-sdk-16\bin\api-ms-win-core-console-l1-2-0.dll
0x000007fef28e0000 - 0x000007fef28e3000 	C:\Program Files\Java\javafx-sdk-16\bin\api-ms-win-core-datetime-l1-1-0.dll
0x000007fef28f0000 - 0x000007fef28f3000 	C:\Program Files\Java\javafx-sdk-16\bin\api-ms-win-core-debug-l1-1-0.dll
0x000007fed8ff0000 - 0x000007fed8ff3000 	C:\Program Files\Java\javafx-sdk-16\bin\api-ms-win-core-errorhandling-l1-1-0.dll
0x000007fed9000000 - 0x000007fed9004000 	C:\Program Files\Java\javafx-sdk-16\bin\api-ms-win-core-file-l1-1-0.dll
0x000007fed8fd0000 - 0x000007fed8fd3000 	C:\Program Files\Java\javafx-sdk-16\bin\api-ms-win-core-file-l1-2-0.dll
0x000007fed8fe0000 - 0x000007fed8fe3000 	C:\Program Files\Java\javafx-sdk-16\bin\api-ms-win-core-file-l2-1-0.dll
0x000007fed8fb0000 - 0x000007fed8fb3000 	C:\Program Files\Java\javafx-sdk-16\bin\api-ms-win-core-handle-l1-1-0.dll
0x000007fed8fc0000 - 0x000007fed8fc3000 	C:\Program Files\Java\javafx-sdk-16\bin\api-ms-win-core-heap-l1-1-0.dll
0x000007fed8f90000 - 0x000007fed8f93000 	C:\Program Files\Java\javafx-sdk-16\bin\api-ms-win-core-interlocked-l1-1-0.dll
0x000007fed8fa0000 - 0x000007fed8fa3000 	C:\Program Files\Java\javafx-sdk-16\bin\api-ms-win-core-libraryloader-l1-1-0.dll
0x000007fed7210000 - 0x000007fed7213000 	C:\Program Files\Java\javafx-sdk-16\bin\api-ms-win-core-localization-l1-2-0.dll
0x000007fed7220000 - 0x000007fed7223000 	C:\Program Files\Java\javafx-sdk-16\bin\api-ms-win-core-memory-l1-1-0.dll
0x000007fed71f0000 - 0x000007fed71f3000 	C:\Program Files\Java\javafx-sdk-16\bin\api-ms-win-core-namedpipe-l1-1-0.dll
0x000007fed7200000 - 0x000007fed7203000 	C:\Program Files\Java\javafx-sdk-16\bin\api-ms-win-core-processenvironment-l1-1-0.dll
0x000007fed71d0000 - 0x000007fed71d3000 	C:\Program Files\Java\javafx-sdk-16\bin\api-ms-win-core-processthreads-l1-1-0.dll
0x000007fed71e0000 - 0x000007fed71e3000 	C:\Program Files\Java\javafx-sdk-16\bin\api-ms-win-core-processthreads-l1-1-1.dll
0x000007fed6b20000 - 0x000007fed6b23000 	C:\Program Files\Java\javafx-sdk-16\bin\api-ms-win-core-profile-l1-1-0.dll
0x000007fed71c0000 - 0x000007fed71c3000 	C:\Program Files\Java\javafx-sdk-16\bin\api-ms-win-core-rtlsupport-l1-1-0.dll
0x000007fed6b00000 - 0x000007fed6b03000 	C:\Program Files\Java\javafx-sdk-16\bin\api-ms-win-core-string-l1-1-0.dll
0x000007fed6b10000 - 0x000007fed6b13000 	C:\Program Files\Java\javafx-sdk-16\bin\api-ms-win-core-synch-l1-1-0.dll
0x000007fed6ae0000 - 0x000007fed6ae3000 	C:\Program Files\Java\javafx-sdk-16\bin\api-ms-win-core-synch-l1-2-0.dll
0x000007fed6af0000 - 0x000007fed6af3000 	C:\Program Files\Java\javafx-sdk-16\bin\api-ms-win-core-sysinfo-l1-1-0.dll
0x000007fed6ac0000 - 0x000007fed6ac3000 	C:\Program Files\Java\javafx-sdk-16\bin\api-ms-win-core-timezone-l1-1-0.dll
0x000007fed6ad0000 - 0x000007fed6ad3000 	C:\Program Files\Java\javafx-sdk-16\bin\api-ms-win-core-util-l1-1-0.dll
0x000007fed6aa0000 - 0x000007fed6aa3000 	C:\Program Files\Java\javafx-sdk-16\bin\api-ms-win-crt-conio-l1-1-0.dll
0x000007fed6ab0000 - 0x000007fed6ab4000 	C:\Program Files\Java\javafx-sdk-16\bin\api-ms-win-crt-convert-l1-1-0.dll
0x000007fed6a80000 - 0x000007fed6a83000 	C:\Program Files\Java\javafx-sdk-16\bin\api-ms-win-crt-environment-l1-1-0.dll
0x000007fed6a90000 - 0x000007fed6a93000 	C:\Program Files\Java\javafx-sdk-16\bin\api-ms-win-crt-filesystem-l1-1-0.dll
0x000007fed6a60000 - 0x000007fed6a63000 	C:\Program Files\Java\javafx-sdk-16\bin\api-ms-win-crt-heap-l1-1-0.dll
0x000007fed6a70000 - 0x000007fed6a73000 	C:\Program Files\Java\javafx-sdk-16\bin\api-ms-win-crt-locale-l1-1-0.dll
0x000007fed6a40000 - 0x000007fed6a45000 	C:\Program Files\Java\javafx-sdk-16\bin\api-ms-win-crt-math-l1-1-0.dll
0x000007fed6a50000 - 0x000007fed6a55000 	C:\Program Files\Java\javafx-sdk-16\bin\api-ms-win-crt-multibyte-l1-1-0.dll
0x000007fed6a20000 - 0x000007fed6a30000 	C:\Program Files\Java\javafx-sdk-16\bin\api-ms-win-crt-private-l1-1-0.dll
0x000007fed6a30000 - 0x000007fed6a33000 	C:\Program Files\Java\javafx-sdk-16\bin\api-ms-win-crt-process-l1-1-0.dll
0x000007fed6a00000 - 0x000007fed6a04000 	C:\Program Files\Java\javafx-sdk-16\bin\api-ms-win-crt-runtime-l1-1-0.dll
0x000007fed6a10000 - 0x000007fed6a14000 	C:\Program Files\Java\javafx-sdk-16\bin\api-ms-win-crt-stdio-l1-1-0.dll
0x000007fed69e0000 - 0x000007fed69e4000 	C:\Program Files\Java\javafx-sdk-16\bin\api-ms-win-crt-string-l1-1-0.dll
0x000007fed69f0000 - 0x000007fed69f3000 	C:\Program Files\Java\javafx-sdk-16\bin\api-ms-win-crt-time-l1-1-0.dll
0x000007fed69c0000 - 0x000007fed69c3000 	C:\Program Files\Java\javafx-sdk-16\bin\api-ms-win-crt-utility-l1-1-0.dll
0x000007fec9af0000 - 0x000007fec9bec000 	C:\Program Files\Java\javafx-sdk-16\bin\ucrtbase.dll
0x000007fed69a0000 - 0x000007fed69b9000 	C:\Program Files\Java\javafx-sdk-16\bin\vcruntime140.dll
0x000007fed69d0000 - 0x000007fed69dc000 	C:\Program Files\Java\javafx-sdk-16\bin\vcruntime140_1.dll
0x000007fec9850000 - 0x000007fec98e1000 	C:\Program Files\Java\javafx-sdk-16\bin\msvcp140.dll
0x000007fec9820000 - 0x000007fec9847000 	C:\Program Files\Java\javafx-sdk-16\bin\prism_d3d.dll
0x000007feec5c0000 - 0x000007feec7bf000 	C:\Windows\system32\d3d9.dll
0x000007feeec90000 - 0x000007feeec97000 	C:\Windows\system32\d3d8thk.dll
0x000007fefb9b0000 - 0x000007fefb9c8000 	C:\Windows\system32\dwmapi.dll
0x000007fefb4c0000 - 0x000007fefb516000 	C:\Windows\system32\uxtheme.dll
0x000007fef1c30000 - 0x000007fef1e07000 	C:\Windows\system32\aticfx64.dll
0x000007fee30c0000 - 0x000007fee30f1000 	C:\Windows\system32\atiu9p64.dll
0x000007fed8710000 - 0x000007fed8f5b000 	C:\Windows\system32\igdumdim64.dll
0x000007feef580000 - 0x000007feef9b1000 	C:\Windows\system32\igdusc64.dll
0x000007fed7a80000 - 0x000007fed8709000 	C:\Windows\system32\atiumd64.dll
0x000000006cdb0000 - 0x000000006db75000 	C:\Windows\system32\atiumd6a.dll
0x000007fefbbb0000 - 0x000007fefbbdc000 	C:\Windows\system32\POWRPROF.dll
0x000007fefd610000 - 0x000007fefd7e7000 	C:\Windows\system32\SETUPAPI.dll
0x000007fefd230000 - 0x000007fefd266000 	C:\Windows\system32\CFGMGR32.dll
0x000007feff160000 - 0x000007feff237000 	C:\Windows\system32\OLEAUT32.dll
0x000007fefd1d0000 - 0x000007fefd1ea000 	C:\Windows\system32\DEVOBJ.dll
0x000007fed6010000 - 0x000007fed6052000 	C:\Program Files\Java\javafx-sdk-16\bin\glass.dll
0x000007fefd7f0000 - 0x000007fefd887000 	C:\Windows\system32\COMDLG32.dll
0x000007fefcf40000 - 0x000007fefcf4f000 	C:\Windows\system32\CRYPTBASE.dll
0x000007fec9800000 - 0x000007fec9814000 	C:\Program Files\Java\javafx-sdk-16\bin\javafx_font.dll
0x000007fee56c0000 - 0x000007fee5856000 	C:\Windows\system32\dwrite.dll
0x000007fefea30000 - 0x000007fefeac9000 	C:\Windows\system32\CLBCatQ.DLL
0x000007fefaf00000 - 0x000007fefb061000 	C:\Windows\system32\WindowsCodecs.dll
0x000007fefcee0000 - 0x000007fefcf37000 	C:\Windows\system32\apphelp.dll
0x000007feef4e0000 - 0x000007feef4e9000 	C:\Program Files (x86)\Internet Download Manager\IDMShellExt64.dll

dbghelp: loaded successfully - version: 4.0.5 - missing functions: none
symbol engine: initialized successfully - sym options: 0x614 - pdb path: .;C:\Program Files\Java\jdk-16\bin;C:\Windows\SYSTEM32;C:\Windows\WinSxS\amd64_microsoft.windows.common-controls_6595b64144ccf1df_6.0.7601.17514_none_fa396087175ac9ac;C:\Program Files\Java\jdk-16\bin\server;C:\Program Files\Java\javafx-sdk-16\bin;C:\Program Files (x86)\Internet Download Manager;C:\Program Files\Common Files\Microsoft Shared\Ink

VM Arguments:
jvm_args: -Dfile.encoding=UTF-8 --module-path=C:\Program Files\Java\javafx-sdk-16\lib --add-modules=javafx.controls,javafx.fxml --module-path=C:\Program Files\Java\javafx-sdk-16\lib\javafx-swt.jar;C:\Program Files\Java\javafx-sdk-16\lib\javafx.base.jar;C:\Program Files\Java\javafx-sdk-16\lib\javafx.controls.jar;C:\Program Files\Java\javafx-sdk-16\lib\javafx.fxml.jar;C:\Program Files\Java\javafx-sdk-16\lib\javafx.graphics.jar;C:\Program Files\Java\javafx-sdk-16\lib\javafx.media.jar;C:\Program Files\Java\javafx-sdk-16\lib\javafx.swing.jar;C:\Program Files\Java\javafx-sdk-16\lib\javafx.web.jar 
java_command: test.FXMain
java_class_path (initial): C:\Users\Toshiba\Documents\NetBeansProjects\TeamKaizenApp\lib\javax.mail.jar;C:\Users\Toshiba\Documents\NetBeansProjects\TeamKaizenApp\lib\mysql-connector-java-5.1.15-bin.jar;C:\Users\Toshiba\Documents\NetBeansProjects\TeamKaizenApp\lib\twilio-7.55.3.jar;C:\Users\Toshiba\Documents\NetBeansProjects\TeamKaizenApp\lib\twilio-8.8.0-jar-with-dependencies.jar;C:\Users\Toshiba\Desktop\PIDEV\javafx\javafx-sdk-16\lib\javafx-swt.jar;C:\Users\Toshiba\Desktop\PIDEV\javafx\javafx-sdk-16\lib\javafx.base.jar;C:\Users\Toshiba\Desktop\PIDEV\javafx\javafx-sdk-16\lib\javafx.controls.jar;C:\Users\Toshiba\Desktop\PIDEV\javafx\javafx-sdk-16\lib\javafx.fxml.jar;C:\Users\Toshiba\Desktop\PIDEV\javafx\javafx-sdk-16\lib\javafx.graphics.jar;C:\Users\Toshiba\Desktop\PIDEV\javafx\javafx-sdk-16\lib\javafx.media.jar;C:\Users\Toshiba\Desktop\PIDEV\javafx\javafx-sdk-16\lib\javafx.swing.jar;C:\Users\Toshiba\Desktop\PIDEV\javafx\javafx-sdk-16\lib\javafx.web.jar;C:\Users\Toshiba\Desktop\PIDEV\javafx\javafx-sdk-16\lib\src.zip;C:\Users\Toshiba\Documents\NetBeansProjects\TeamKaizenApp\build\classes
Launcher Type: SUN_STANDARD

[Global flags]
     intx CICompilerCount                          = 3                                         {product} {ergonomic}
     uint ConcGCThreads                            = 1                                         {product} {ergonomic}
     uint G1ConcRefinementThreads                  = 4                                         {product} {ergonomic}
   size_t G1HeapRegionSize                         = 1048576                                   {product} {ergonomic}
    uintx GCDrainStackTargetSize                   = 64                                        {product} {ergonomic}
   size_t InitialHeapSize                          = 134217728                                 {product} {ergonomic}
   size_t MarkStackSize                            = 4194304                                   {product} {ergonomic}
   size_t MaxHeapSize                              = 2128609280                                {product} {ergonomic}
   size_t MaxNewSize                               = 1277165568                                {product} {ergonomic}
   size_t MinHeapDeltaBytes                        = 1048576                                   {product} {ergonomic}
   size_t MinHeapSize                              = 8388608                                   {product} {ergonomic}
    uintx NonNMethodCodeHeapSize                   = 5832780                                {pd product} {ergonomic}
    uintx NonProfiledCodeHeapSize                  = 122912730                              {pd product} {ergonomic}
    uintx ProfiledCodeHeapSize                     = 122912730                              {pd product} {ergonomic}
    uintx ReservedCodeCacheSize                    = 251658240                              {pd product} {ergonomic}
     bool SegmentedCodeCache                       = true                                      {product} {ergonomic}
   size_t SoftMaxHeapSize                          = 2128609280                             {manageable} {ergonomic}
     bool UseCompressedClassPointers               = true                           {product lp64_product} {ergonomic}
     bool UseCompressedOops                        = true                           {product lp64_product} {ergonomic}
     bool UseG1GC                                  = true                                      {product} {ergonomic}
     bool UseLargePagesIndividualAllocation        = false                                  {pd product} {ergonomic}

Logging:
Log output configuration:
 #0: stdout all=warning uptime,level,tags
 #1: stderr all=off uptime,level,tags

Environment Variables:
PATH=C:\Program Files\Common Files\Oracle\Java\javapath;C:\Program Files\Java\jdk-16\bin\javaw.exe;C:\Program Files\Git\cmd;C:\Program Files\Intel\WiFi\bin\;C:\Program Files\Common Files\Intel\WirelessCommon\
USERNAME=Toshiba
OS=Windows_NT
PROCESSOR_IDENTIFIER=Intel64 Family 6 Model 69 Stepping 1, GenuineIntel



---------------  S Y S T E M  ---------------

OS:
 Windows 7 , 64 bit Build 7601 (6.1.7601.17514)
OS uptime: 0 days 0:18 hours

CPU: total 4 (initial active 4) (2 cores per cpu, 2 threads per core) family 6 model 69 stepping 1 microcode 0x0, cx8, cmov, fxsr, ht, mmx, sse, sse2, sse3, ssse3, sse4.1, sse4.2, popcnt, lzcnt, tsc, tscinvbit, avx, avx2, aes, erms, clmul, bmi1, bmi2, fma, vzeroupper, clflush

Memory: 4k page, system-wide physical 8117M (4189M free)
TotalPageFile size 16232M (AvailPageFile size 10175M)
current process WorkingSet (physical memory assigned to process): 177M, peak: 177M
current process commit charge ("private bytes"): 311M, peak: 321M

vm_info: Java HotSpot(TM) 64-Bit Server VM (16+36-2231) for windows-amd64 JRE (16+36-2231), built on Feb  8 2021 11:43:10 by "mach5one" with MS VC++ 16.7 (VS2019)

END.
